13:29:02.697 INFO  b.c.p.v.Application - Starting Application using Java 11.0.9 on DESKTOP-7O46H65 with PID 1668 (C:\Users\Asus\Documents\Anderson\Workspaces\GitHub\passwordValidationApi\password-validation-api\target\classes started by Asus in C:\Users\Asus\Documents\Anderson\Workspaces\GitHub\passwordValidationApi\password-validation-api)
13:29:02.713 DEBUG b.c.p.v.Application - Running with Spring Boot v2.4.1, Spring v5.3.2
13:29:02.716 INFO  b.c.p.v.Application - No active profile set, falling back to default profiles: default
13:29:07.421 INFO  o.s.b.w.e.t.TomcatWebServer - Tomcat initialized with port(s): 80 (http)
13:29:07.455 INFO  o.a.c.h.Http11NioProtocol - Initializing ProtocolHandler ["http-nio-80"]
13:29:07.456 INFO  o.a.c.c.StandardService - Starting service [Tomcat]
13:29:07.457 INFO  o.a.c.c.StandardEngine - Starting Servlet engine: [Apache Tomcat/9.0.41]
13:29:07.758 INFO  o.a.c.c.C.[.[.[/api/password/v1/validation] - Initializing Spring embedded WebApplicationContext
13:29:07.762 INFO  o.s.b.w.s.c.ServletWebServerApplicationContext - Root WebApplicationContext: initialization completed in 4714 ms
13:29:08.677 INFO  o.s.s.c.ThreadPoolTaskExecutor - Initializing ExecutorService 'applicationTaskExecutor'
13:29:09.374 INFO  o.a.c.h.Http11NioProtocol - Starting ProtocolHandler ["http-nio-80"]
13:29:09.441 INFO  o.s.b.w.e.t.TomcatWebServer - Tomcat started on port(s): 80 (http) with context path '/api/password/v1/validation'
13:29:09.477 INFO  b.c.p.v.Application - Started Application in 8.93 seconds (JVM running for 12.333)
13:29:41.525 INFO  o.a.c.c.C.[.[.[/api/password/v1/validation] - Initializing Spring DispatcherServlet 'dispatcherServlet'
13:29:41.526 INFO  o.s.w.s.DispatcherServlet - Initializing Servlet 'dispatcherServlet'
13:29:41.529 INFO  o.s.w.s.DispatcherServlet - Completed initialization in 3 ms
13:29:41.625 DEBUG b.c.p.v.c.PasswordController - Inicio do método checkPassword
13:29:41.626 INFO  b.c.p.v.c.PasswordController - Senha recebida : teste
13:29:41.636 DEBUG b.c.p.v.c.PasswordController - Construtor WordValidationService null
13:29:41.636 DEBUG b.c.p.v.c.PasswordController - Início do método PasswordStatusService - Recebi a senha: teste
13:29:41.636 DEBUG b.c.p.v.c.PasswordController - Início do método AddList
13:29:41.651 ERROR o.a.c.c.C.[.[.[.[dispatcherServlet] - Servlet.service() for servlet [dispatcherServlet] in context with path [/api/password/v1/validation] threw exception [Request processing failed; nested exception is java.lang.NullPointerException] with root cause
java.lang.NullPointerException: null
	at br.com.password.validation.service.WordValidationService.AddList(WordValidationService.java:29)
	at br.com.password.validation.service.PasswordStatusService.<init>(PasswordStatusService.java:24)
	at br.com.password.validation.controller.PasswordController.checkPassword(PasswordController.java:23)
	at java.base/jdk.internal.reflect.NativeMethodAccessorImpl.invoke0(Native Method)
	at java.base/jdk.internal.reflect.NativeMethodAccessorImpl.invoke(NativeMethodAccessorImpl.java:62)
	at java.base/jdk.internal.reflect.DelegatingMethodAccessorImpl.invoke(DelegatingMethodAccessorImpl.java:43)
	at java.base/java.lang.reflect.Method.invoke(Method.java:566)
	at org.springframework.web.method.support.InvocableHandlerMethod.doInvoke(InvocableHandlerMethod.java:197)
	at org.springframework.web.method.support.InvocableHandlerMethod.invokeForRequest(InvocableHandlerMethod.java:141)
	at org.springframework.web.servlet.mvc.method.annotation.ServletInvocableHandlerMethod.invokeAndHandle(ServletInvocableHandlerMethod.java:106)
	at org.springframework.web.servlet.mvc.method.annotation.RequestMappingHandlerAdapter.invokeHandlerMethod(RequestMappingHandlerAdapter.java:894)
	at org.springframework.web.servlet.mvc.method.annotation.RequestMappingHandlerAdapter.handleInternal(RequestMappingHandlerAdapter.java:808)
	at org.springframework.web.servlet.mvc.method.AbstractHandlerMethodAdapter.handle(AbstractHandlerMethodAdapter.java:87)
	at org.springframework.web.servlet.DispatcherServlet.doDispatch(DispatcherServlet.java:1061)
	at org.springframework.web.servlet.DispatcherServlet.doService(DispatcherServlet.java:961)
	at org.springframework.web.servlet.FrameworkServlet.processRequest(FrameworkServlet.java:1006)
	at org.springframework.web.servlet.FrameworkServlet.doGet(FrameworkServlet.java:898)
	at javax.servlet.http.HttpServlet.service(HttpServlet.java:626)
	at org.springframework.web.servlet.FrameworkServlet.service(FrameworkServlet.java:883)
	at javax.servlet.http.HttpServlet.service(HttpServlet.java:733)
	at org.apache.catalina.core.ApplicationFilterChain.internalDoFilter(ApplicationFilterChain.java:231)
	at org.apache.catalina.core.ApplicationFilterChain.doFilter(ApplicationFilterChain.java:166)
	at org.apache.tomcat.websocket.server.WsFilter.doFilter(WsFilter.java:53)
	at org.apache.catalina.core.ApplicationFilterChain.internalDoFilter(ApplicationFilterChain.java:193)
	at org.apache.catalina.core.ApplicationFilterChain.doFilter(ApplicationFilterChain.java:166)
	at org.springframework.web.filter.RequestContextFilter.doFilterInternal(RequestContextFilter.java:100)
	at org.springframework.web.filter.OncePerRequestFilter.doFilter(OncePerRequestFilter.java:119)
	at org.apache.catalina.core.ApplicationFilterChain.internalDoFilter(ApplicationFilterChain.java:193)
	at org.apache.catalina.core.ApplicationFilterChain.doFilter(ApplicationFilterChain.java:166)
	at org.springframework.web.filter.FormContentFilter.doFilterInternal(FormContentFilter.java:93)
	at org.springframework.web.filter.OncePerRequestFilter.doFilter(OncePerRequestFilter.java:119)
	at org.apache.catalina.core.ApplicationFilterChain.internalDoFilter(ApplicationFilterChain.java:193)
	at org.apache.catalina.core.ApplicationFilterChain.doFilter(ApplicationFilterChain.java:166)
	at org.springframework.web.filter.CharacterEncodingFilter.doFilterInternal(CharacterEncodingFilter.java:201)
	at org.springframework.web.filter.OncePerRequestFilter.doFilter(OncePerRequestFilter.java:119)
	at org.apache.catalina.core.ApplicationFilterChain.internalDoFilter(ApplicationFilterChain.java:193)
	at org.apache.catalina.core.ApplicationFilterChain.doFilter(ApplicationFilterChain.java:166)
	at org.apache.catalina.core.StandardWrapperValve.invoke(StandardWrapperValve.java:202)
	at org.apache.catalina.core.StandardContextValve.invoke(StandardContextValve.java:97)
	at org.apache.catalina.authenticator.AuthenticatorBase.invoke(AuthenticatorBase.java:542)
	at org.apache.catalina.core.StandardHostValve.invoke(StandardHostValve.java:143)
	at org.apache.catalina.valves.ErrorReportValve.invoke(ErrorReportValve.java:92)
	at org.apache.catalina.core.StandardEngineValve.invoke(StandardEngineValve.java:78)
	at org.apache.catalina.connector.CoyoteAdapter.service(CoyoteAdapter.java:343)
	at org.apache.coyote.http11.Http11Processor.service(Http11Processor.java:374)
	at org.apache.coyote.AbstractProcessorLight.process(AbstractProcessorLight.java:65)
	at org.apache.coyote.AbstractProtocol$ConnectionHandler.process(AbstractProtocol.java:888)
	at org.apache.tomcat.util.net.NioEndpoint$SocketProcessor.doRun(NioEndpoint.java:1597)
	at org.apache.tomcat.util.net.SocketProcessorBase.run(SocketProcessorBase.java:49)
	at java.base/java.util.concurrent.ThreadPoolExecutor.runWorker(ThreadPoolExecutor.java:1128)
	at java.base/java.util.concurrent.ThreadPoolExecutor$Worker.run(ThreadPoolExecutor.java:628)
	at org.apache.tomcat.util.threads.TaskThread$WrappingRunnable.run(TaskThread.java:61)
	at java.base/java.lang.Thread.run(Thread.java:834)
13:33:11.184 INFO  b.c.p.v.Application - Starting Application using Java 11.0.9 on DESKTOP-7O46H65 with PID 3988 (C:\Users\Asus\Documents\Anderson\Workspaces\GitHub\passwordValidationApi\password-validation-api\target\classes started by Asus in C:\Users\Asus\Documents\Anderson\Workspaces\GitHub\passwordValidationApi\password-validation-api)
13:33:11.208 DEBUG b.c.p.v.Application - Running with Spring Boot v2.4.1, Spring v5.3.2
13:33:11.210 INFO  b.c.p.v.Application - No active profile set, falling back to default profiles: default
13:33:16.314 INFO  o.s.b.w.e.t.TomcatWebServer - Tomcat initialized with port(s): 80 (http)
13:33:16.359 INFO  o.a.c.h.Http11NioProtocol - Initializing ProtocolHandler ["http-nio-80"]
13:33:16.362 INFO  o.a.c.c.StandardService - Starting service [Tomcat]
13:33:16.363 INFO  o.a.c.c.StandardEngine - Starting Servlet engine: [Apache Tomcat/9.0.41]
13:33:16.720 INFO  o.a.c.c.C.[.[.[/api/password/v1/validation] - Initializing Spring embedded WebApplicationContext
13:33:16.721 INFO  o.s.b.w.s.c.ServletWebServerApplicationContext - Root WebApplicationContext: initialization completed in 5157 ms
13:33:17.621 INFO  o.s.s.c.ThreadPoolTaskExecutor - Initializing ExecutorService 'applicationTaskExecutor'
13:33:18.237 INFO  o.a.c.h.Http11NioProtocol - Starting ProtocolHandler ["http-nio-80"]
13:33:18.296 INFO  o.s.b.w.e.t.TomcatWebServer - Tomcat started on port(s): 80 (http) with context path '/api/password/v1/validation'
13:33:18.329 INFO  b.c.p.v.Application - Started Application in 9.302 seconds (JVM running for 12.755)
13:33:43.950 INFO  o.a.c.c.C.[.[.[/api/password/v1/validation] - Initializing Spring DispatcherServlet 'dispatcherServlet'
13:33:43.951 INFO  o.s.w.s.DispatcherServlet - Initializing Servlet 'dispatcherServlet'
13:33:43.953 INFO  o.s.w.s.DispatcherServlet - Completed initialization in 2 ms
13:33:44.076 DEBUG b.c.p.v.c.PasswordController - Inicio do método checkPassword
13:33:44.077 INFO  b.c.p.v.c.PasswordController - Senha recebida : teste
13:33:44.093 DEBUG b.c.p.v.c.PasswordController - Construtor WordValidationService null
13:33:44.093 DEBUG b.c.p.v.c.PasswordController - Início do método PasswordStatusService - Recebi a senha: teste
13:33:44.094 DEBUG b.c.p.v.c.PasswordController - Início do método AddList null
13:33:44.110 ERROR o.a.c.c.C.[.[.[.[dispatcherServlet] - Servlet.service() for servlet [dispatcherServlet] in context with path [/api/password/v1/validation] threw exception [Request processing failed; nested exception is java.lang.NullPointerException] with root cause
java.lang.NullPointerException: null
	at br.com.password.validation.service.WordValidationService.AddList(WordValidationService.java:29)
	at br.com.password.validation.service.PasswordStatusService.<init>(PasswordStatusService.java:24)
	at br.com.password.validation.controller.PasswordController.checkPassword(PasswordController.java:23)
	at java.base/jdk.internal.reflect.NativeMethodAccessorImpl.invoke0(Native Method)
	at java.base/jdk.internal.reflect.NativeMethodAccessorImpl.invoke(NativeMethodAccessorImpl.java:62)
	at java.base/jdk.internal.reflect.DelegatingMethodAccessorImpl.invoke(DelegatingMethodAccessorImpl.java:43)
	at java.base/java.lang.reflect.Method.invoke(Method.java:566)
	at org.springframework.web.method.support.InvocableHandlerMethod.doInvoke(InvocableHandlerMethod.java:197)
	at org.springframework.web.method.support.InvocableHandlerMethod.invokeForRequest(InvocableHandlerMethod.java:141)
	at org.springframework.web.servlet.mvc.method.annotation.ServletInvocableHandlerMethod.invokeAndHandle(ServletInvocableHandlerMethod.java:106)
	at org.springframework.web.servlet.mvc.method.annotation.RequestMappingHandlerAdapter.invokeHandlerMethod(RequestMappingHandlerAdapter.java:894)
	at org.springframework.web.servlet.mvc.method.annotation.RequestMappingHandlerAdapter.handleInternal(RequestMappingHandlerAdapter.java:808)
	at org.springframework.web.servlet.mvc.method.AbstractHandlerMethodAdapter.handle(AbstractHandlerMethodAdapter.java:87)
	at org.springframework.web.servlet.DispatcherServlet.doDispatch(DispatcherServlet.java:1061)
	at org.springframework.web.servlet.DispatcherServlet.doService(DispatcherServlet.java:961)
	at org.springframework.web.servlet.FrameworkServlet.processRequest(FrameworkServlet.java:1006)
	at org.springframework.web.servlet.FrameworkServlet.doGet(FrameworkServlet.java:898)
	at javax.servlet.http.HttpServlet.service(HttpServlet.java:626)
	at org.springframework.web.servlet.FrameworkServlet.service(FrameworkServlet.java:883)
	at javax.servlet.http.HttpServlet.service(HttpServlet.java:733)
	at org.apache.catalina.core.ApplicationFilterChain.internalDoFilter(ApplicationFilterChain.java:231)
	at org.apache.catalina.core.ApplicationFilterChain.doFilter(ApplicationFilterChain.java:166)
	at org.apache.tomcat.websocket.server.WsFilter.doFilter(WsFilter.java:53)
	at org.apache.catalina.core.ApplicationFilterChain.internalDoFilter(ApplicationFilterChain.java:193)
	at org.apache.catalina.core.ApplicationFilterChain.doFilter(ApplicationFilterChain.java:166)
	at org.springframework.web.filter.RequestContextFilter.doFilterInternal(RequestContextFilter.java:100)
	at org.springframework.web.filter.OncePerRequestFilter.doFilter(OncePerRequestFilter.java:119)
	at org.apache.catalina.core.ApplicationFilterChain.internalDoFilter(ApplicationFilterChain.java:193)
	at org.apache.catalina.core.ApplicationFilterChain.doFilter(ApplicationFilterChain.java:166)
	at org.springframework.web.filter.FormContentFilter.doFilterInternal(FormContentFilter.java:93)
	at org.springframework.web.filter.OncePerRequestFilter.doFilter(OncePerRequestFilter.java:119)
	at org.apache.catalina.core.ApplicationFilterChain.internalDoFilter(ApplicationFilterChain.java:193)
	at org.apache.catalina.core.ApplicationFilterChain.doFilter(ApplicationFilterChain.java:166)
	at org.springframework.web.filter.CharacterEncodingFilter.doFilterInternal(CharacterEncodingFilter.java:201)
	at org.springframework.web.filter.OncePerRequestFilter.doFilter(OncePerRequestFilter.java:119)
	at org.apache.catalina.core.ApplicationFilterChain.internalDoFilter(ApplicationFilterChain.java:193)
	at org.apache.catalina.core.ApplicationFilterChain.doFilter(ApplicationFilterChain.java:166)
	at org.apache.catalina.core.StandardWrapperValve.invoke(StandardWrapperValve.java:202)
	at org.apache.catalina.core.StandardContextValve.invoke(StandardContextValve.java:97)
	at org.apache.catalina.authenticator.AuthenticatorBase.invoke(AuthenticatorBase.java:542)
	at org.apache.catalina.core.StandardHostValve.invoke(StandardHostValve.java:143)
	at org.apache.catalina.valves.ErrorReportValve.invoke(ErrorReportValve.java:92)
	at org.apache.catalina.core.StandardEngineValve.invoke(StandardEngineValve.java:78)
	at org.apache.catalina.connector.CoyoteAdapter.service(CoyoteAdapter.java:343)
	at org.apache.coyote.http11.Http11Processor.service(Http11Processor.java:374)
	at org.apache.coyote.AbstractProcessorLight.process(AbstractProcessorLight.java:65)
	at org.apache.coyote.AbstractProtocol$ConnectionHandler.process(AbstractProtocol.java:888)
	at org.apache.tomcat.util.net.NioEndpoint$SocketProcessor.doRun(NioEndpoint.java:1597)
	at org.apache.tomcat.util.net.SocketProcessorBase.run(SocketProcessorBase.java:49)
	at java.base/java.util.concurrent.ThreadPoolExecutor.runWorker(ThreadPoolExecutor.java:1128)
	at java.base/java.util.concurrent.ThreadPoolExecutor$Worker.run(ThreadPoolExecutor.java:628)
	at org.apache.tomcat.util.threads.TaskThread$WrappingRunnable.run(TaskThread.java:61)
	at java.base/java.lang.Thread.run(Thread.java:834)
13:46:37.515 INFO  b.c.p.v.Application - Starting Application using Java 11.0.9 on DESKTOP-7O46H65 with PID 2324 (C:\Users\Asus\Documents\Anderson\Workspaces\GitHub\passwordValidationApi\password-validation-api\target\classes started by Asus in C:\Users\Asus\Documents\Anderson\Workspaces\GitHub\passwordValidationApi\password-validation-api)
13:46:37.528 DEBUG b.c.p.v.Application - Running with Spring Boot v2.4.1, Spring v5.3.2
13:46:37.538 INFO  b.c.p.v.Application - No active profile set, falling back to default profiles: default
13:46:42.173 INFO  o.s.b.w.e.t.TomcatWebServer - Tomcat initialized with port(s): 80 (http)
13:46:42.206 INFO  o.a.c.h.Http11NioProtocol - Initializing ProtocolHandler ["http-nio-80"]
13:46:42.209 INFO  o.a.c.c.StandardService - Starting service [Tomcat]
13:46:42.210 INFO  o.a.c.c.StandardEngine - Starting Servlet engine: [Apache Tomcat/9.0.41]
13:46:42.665 INFO  o.a.c.c.C.[.[.[/api/password/v1/validation] - Initializing Spring embedded WebApplicationContext
13:46:42.666 INFO  o.s.b.w.s.c.ServletWebServerApplicationContext - Root WebApplicationContext: initialization completed in 4864 ms
13:46:44.561 INFO  o.s.s.c.ThreadPoolTaskExecutor - Initializing ExecutorService 'applicationTaskExecutor'
13:46:45.880 INFO  o.a.c.h.Http11NioProtocol - Starting ProtocolHandler ["http-nio-80"]
13:46:45.991 INFO  o.s.b.w.e.t.TomcatWebServer - Tomcat started on port(s): 80 (http) with context path '/api/password/v1/validation'
13:46:46.032 INFO  b.c.p.v.Application - Started Application in 10.613 seconds (JVM running for 16.585)
13:47:02.099 INFO  o.s.s.c.ThreadPoolTaskExecutor - Shutting down ExecutorService 'applicationTaskExecutor'
13:48:57.602 INFO  b.c.p.v.Application - Starting Application using Java 11.0.9 on DESKTOP-7O46H65 with PID 11188 (C:\Users\Asus\Documents\Anderson\Workspaces\GitHub\passwordValidationApi\password-validation-api\target\classes started by Asus in C:\Users\Asus\Documents\Anderson\Workspaces\GitHub\passwordValidationApi\password-validation-api)
13:48:57.627 DEBUG b.c.p.v.Application - Running with Spring Boot v2.4.1, Spring v5.3.2
13:48:57.633 INFO  b.c.p.v.Application - No active profile set, falling back to default profiles: default
13:49:03.916 INFO  o.s.b.w.e.t.TomcatWebServer - Tomcat initialized with port(s): 80 (http)
13:49:03.962 INFO  o.a.c.h.Http11NioProtocol - Initializing ProtocolHandler ["http-nio-80"]
13:49:03.965 INFO  o.a.c.c.StandardService - Starting service [Tomcat]
13:49:03.967 INFO  o.a.c.c.StandardEngine - Starting Servlet engine: [Apache Tomcat/9.0.41]
13:49:04.559 INFO  o.a.c.c.C.[.[.[/api/password/v1/validation] - Initializing Spring embedded WebApplicationContext
13:49:04.560 INFO  o.s.b.w.s.c.ServletWebServerApplicationContext - Root WebApplicationContext: initialization completed in 6454 ms
13:49:07.196 INFO  o.s.s.c.ThreadPoolTaskExecutor - Initializing ExecutorService 'applicationTaskExecutor'
13:49:08.168 INFO  o.a.c.h.Http11NioProtocol - Starting ProtocolHandler ["http-nio-80"]
13:49:08.284 INFO  o.s.b.w.e.t.TomcatWebServer - Tomcat started on port(s): 80 (http) with context path '/api/password/v1/validation'
13:49:08.335 INFO  b.c.p.v.Application - Started Application in 14.03 seconds (JVM running for 19.122)
13:49:29.498 INFO  o.a.c.c.C.[.[.[/api/password/v1/validation] - Initializing Spring DispatcherServlet 'dispatcherServlet'
13:49:29.499 INFO  o.s.w.s.DispatcherServlet - Initializing Servlet 'dispatcherServlet'
13:49:29.501 INFO  o.s.w.s.DispatcherServlet - Completed initialization in 2 ms
13:49:29.617 DEBUG b.c.p.v.c.PasswordController - Inicio do método checkPassword
13:49:29.617 INFO  b.c.p.v.c.PasswordController - Senha recebida : teste
13:50:24.594 DEBUG b.c.p.v.c.PasswordController - Construtor WordValidationService null
13:50:24.595 DEBUG b.c.p.v.c.PasswordController - Início do método PasswordStatusService - Recebi a senha: teste
13:50:24.598 DEBUG b.c.p.v.c.PasswordController - Início do método AddList null
13:50:24.619 ERROR o.a.c.c.C.[.[.[.[dispatcherServlet] - Servlet.service() for servlet [dispatcherServlet] in context with path [/api/password/v1/validation] threw exception [Request processing failed; nested exception is java.lang.NullPointerException] with root cause
java.lang.NullPointerException: null
	at br.com.password.validation.service.WordValidationService.AddList(WordValidationService.java:29)
	at br.com.password.validation.service.PasswordStatusService.<init>(PasswordStatusService.java:24)
	at br.com.password.validation.controller.PasswordController.checkPassword(PasswordController.java:23)
	at java.base/jdk.internal.reflect.NativeMethodAccessorImpl.invoke0(Native Method)
	at java.base/jdk.internal.reflect.NativeMethodAccessorImpl.invoke(NativeMethodAccessorImpl.java:62)
	at java.base/jdk.internal.reflect.DelegatingMethodAccessorImpl.invoke(DelegatingMethodAccessorImpl.java:43)
	at java.base/java.lang.reflect.Method.invoke(Method.java:566)
	at org.springframework.web.method.support.InvocableHandlerMethod.doInvoke(InvocableHandlerMethod.java:197)
	at org.springframework.web.method.support.InvocableHandlerMethod.invokeForRequest(InvocableHandlerMethod.java:141)
	at org.springframework.web.servlet.mvc.method.annotation.ServletInvocableHandlerMethod.invokeAndHandle(ServletInvocableHandlerMethod.java:106)
	at org.springframework.web.servlet.mvc.method.annotation.RequestMappingHandlerAdapter.invokeHandlerMethod(RequestMappingHandlerAdapter.java:894)
	at org.springframework.web.servlet.mvc.method.annotation.RequestMappingHandlerAdapter.handleInternal(RequestMappingHandlerAdapter.java:808)
	at org.springframework.web.servlet.mvc.method.AbstractHandlerMethodAdapter.handle(AbstractHandlerMethodAdapter.java:87)
	at org.springframework.web.servlet.DispatcherServlet.doDispatch(DispatcherServlet.java:1061)
	at org.springframework.web.servlet.DispatcherServlet.doService(DispatcherServlet.java:961)
	at org.springframework.web.servlet.FrameworkServlet.processRequest(FrameworkServlet.java:1006)
	at org.springframework.web.servlet.FrameworkServlet.doGet(FrameworkServlet.java:898)
	at javax.servlet.http.HttpServlet.service(HttpServlet.java:626)
	at org.springframework.web.servlet.FrameworkServlet.service(FrameworkServlet.java:883)
	at javax.servlet.http.HttpServlet.service(HttpServlet.java:733)
	at org.apache.catalina.core.ApplicationFilterChain.internalDoFilter(ApplicationFilterChain.java:231)
	at org.apache.catalina.core.ApplicationFilterChain.doFilter(ApplicationFilterChain.java:166)
	at org.apache.tomcat.websocket.server.WsFilter.doFilter(WsFilter.java:53)
	at org.apache.catalina.core.ApplicationFilterChain.internalDoFilter(ApplicationFilterChain.java:193)
	at org.apache.catalina.core.ApplicationFilterChain.doFilter(ApplicationFilterChain.java:166)
	at org.springframework.web.filter.RequestContextFilter.doFilterInternal(RequestContextFilter.java:100)
	at org.springframework.web.filter.OncePerRequestFilter.doFilter(OncePerRequestFilter.java:119)
	at org.apache.catalina.core.ApplicationFilterChain.internalDoFilter(ApplicationFilterChain.java:193)
	at org.apache.catalina.core.ApplicationFilterChain.doFilter(ApplicationFilterChain.java:166)
	at org.springframework.web.filter.FormContentFilter.doFilterInternal(FormContentFilter.java:93)
	at org.springframework.web.filter.OncePerRequestFilter.doFilter(OncePerRequestFilter.java:119)
	at org.apache.catalina.core.ApplicationFilterChain.internalDoFilter(ApplicationFilterChain.java:193)
	at org.apache.catalina.core.ApplicationFilterChain.doFilter(ApplicationFilterChain.java:166)
	at org.springframework.web.filter.CharacterEncodingFilter.doFilterInternal(CharacterEncodingFilter.java:201)
	at org.springframework.web.filter.OncePerRequestFilter.doFilter(OncePerRequestFilter.java:119)
	at org.apache.catalina.core.ApplicationFilterChain.internalDoFilter(ApplicationFilterChain.java:193)
	at org.apache.catalina.core.ApplicationFilterChain.doFilter(ApplicationFilterChain.java:166)
	at org.apache.catalina.core.StandardWrapperValve.invoke(StandardWrapperValve.java:202)
	at org.apache.catalina.core.StandardContextValve.invoke(StandardContextValve.java:97)
	at org.apache.catalina.authenticator.AuthenticatorBase.invoke(AuthenticatorBase.java:542)
	at org.apache.catalina.core.StandardHostValve.invoke(StandardHostValve.java:143)
	at org.apache.catalina.valves.ErrorReportValve.invoke(ErrorReportValve.java:92)
	at org.apache.catalina.core.StandardEngineValve.invoke(StandardEngineValve.java:78)
	at org.apache.catalina.connector.CoyoteAdapter.service(CoyoteAdapter.java:343)
	at org.apache.coyote.http11.Http11Processor.service(Http11Processor.java:374)
	at org.apache.coyote.AbstractProcessorLight.process(AbstractProcessorLight.java:65)
	at org.apache.coyote.AbstractProtocol$ConnectionHandler.process(AbstractProtocol.java:888)
	at org.apache.tomcat.util.net.NioEndpoint$SocketProcessor.doRun(NioEndpoint.java:1597)
	at org.apache.tomcat.util.net.SocketProcessorBase.run(SocketProcessorBase.java:49)
	at java.base/java.util.concurrent.ThreadPoolExecutor.runWorker(ThreadPoolExecutor.java:1128)
	at java.base/java.util.concurrent.ThreadPoolExecutor$Worker.run(ThreadPoolExecutor.java:628)
	at org.apache.tomcat.util.threads.TaskThread$WrappingRunnable.run(TaskThread.java:61)
	at java.base/java.lang.Thread.run(Thread.java:834)
13:50:31.373 DEBUG b.c.p.v.c.PasswordController - Inicio do método checkPassword
13:50:31.374 INFO  b.c.p.v.c.PasswordController - Senha recebida : teste
13:51:37.047 DEBUG b.c.p.v.c.PasswordController - Construtor WordValidationService null
13:51:37.051 DEBUG b.c.p.v.c.PasswordController - Início do método PasswordStatusService - Recebi a senha: teste
13:51:37.052 DEBUG b.c.p.v.c.PasswordController - Início do método AddList null
13:51:37.056 ERROR o.a.c.c.C.[.[.[.[dispatcherServlet] - Servlet.service() for servlet [dispatcherServlet] in context with path [/api/password/v1/validation] threw exception [Request processing failed; nested exception is java.lang.NullPointerException] with root cause
java.lang.NullPointerException: null
	at br.com.password.validation.service.WordValidationService.AddList(WordValidationService.java:29)
	at br.com.password.validation.service.PasswordStatusService.<init>(PasswordStatusService.java:24)
	at br.com.password.validation.controller.PasswordController.checkPassword(PasswordController.java:23)
	at java.base/jdk.internal.reflect.NativeMethodAccessorImpl.invoke0(Native Method)
	at java.base/jdk.internal.reflect.NativeMethodAccessorImpl.invoke(NativeMethodAccessorImpl.java:62)
	at java.base/jdk.internal.reflect.DelegatingMethodAccessorImpl.invoke(DelegatingMethodAccessorImpl.java:43)
	at java.base/java.lang.reflect.Method.invoke(Method.java:566)
	at org.springframework.web.method.support.InvocableHandlerMethod.doInvoke(InvocableHandlerMethod.java:197)
	at org.springframework.web.method.support.InvocableHandlerMethod.invokeForRequest(InvocableHandlerMethod.java:141)
	at org.springframework.web.servlet.mvc.method.annotation.ServletInvocableHandlerMethod.invokeAndHandle(ServletInvocableHandlerMethod.java:106)
	at org.springframework.web.servlet.mvc.method.annotation.RequestMappingHandlerAdapter.invokeHandlerMethod(RequestMappingHandlerAdapter.java:894)
	at org.springframework.web.servlet.mvc.method.annotation.RequestMappingHandlerAdapter.handleInternal(RequestMappingHandlerAdapter.java:808)
	at org.springframework.web.servlet.mvc.method.AbstractHandlerMethodAdapter.handle(AbstractHandlerMethodAdapter.java:87)
	at org.springframework.web.servlet.DispatcherServlet.doDispatch(DispatcherServlet.java:1061)
	at org.springframework.web.servlet.DispatcherServlet.doService(DispatcherServlet.java:961)
	at org.springframework.web.servlet.FrameworkServlet.processRequest(FrameworkServlet.java:1006)
	at org.springframework.web.servlet.FrameworkServlet.doGet(FrameworkServlet.java:898)
	at javax.servlet.http.HttpServlet.service(HttpServlet.java:626)
	at org.springframework.web.servlet.FrameworkServlet.service(FrameworkServlet.java:883)
	at javax.servlet.http.HttpServlet.service(HttpServlet.java:733)
	at org.apache.catalina.core.ApplicationFilterChain.internalDoFilter(ApplicationFilterChain.java:231)
	at org.apache.catalina.core.ApplicationFilterChain.doFilter(ApplicationFilterChain.java:166)
	at org.apache.tomcat.websocket.server.WsFilter.doFilter(WsFilter.java:53)
	at org.apache.catalina.core.ApplicationFilterChain.internalDoFilter(ApplicationFilterChain.java:193)
	at org.apache.catalina.core.ApplicationFilterChain.doFilter(ApplicationFilterChain.java:166)
	at org.springframework.web.filter.RequestContextFilter.doFilterInternal(RequestContextFilter.java:100)
	at org.springframework.web.filter.OncePerRequestFilter.doFilter(OncePerRequestFilter.java:119)
	at org.apache.catalina.core.ApplicationFilterChain.internalDoFilter(ApplicationFilterChain.java:193)
	at org.apache.catalina.core.ApplicationFilterChain.doFilter(ApplicationFilterChain.java:166)
	at org.springframework.web.filter.FormContentFilter.doFilterInternal(FormContentFilter.java:93)
	at org.springframework.web.filter.OncePerRequestFilter.doFilter(OncePerRequestFilter.java:119)
	at org.apache.catalina.core.ApplicationFilterChain.internalDoFilter(ApplicationFilterChain.java:193)
	at org.apache.catalina.core.ApplicationFilterChain.doFilter(ApplicationFilterChain.java:166)
	at org.springframework.web.filter.CharacterEncodingFilter.doFilterInternal(CharacterEncodingFilter.java:201)
	at org.springframework.web.filter.OncePerRequestFilter.doFilter(OncePerRequestFilter.java:119)
	at org.apache.catalina.core.ApplicationFilterChain.internalDoFilter(ApplicationFilterChain.java:193)
	at org.apache.catalina.core.ApplicationFilterChain.doFilter(ApplicationFilterChain.java:166)
	at org.apache.catalina.core.StandardWrapperValve.invoke(StandardWrapperValve.java:202)
	at org.apache.catalina.core.StandardContextValve.invoke(StandardContextValve.java:97)
	at org.apache.catalina.authenticator.AuthenticatorBase.invoke(AuthenticatorBase.java:542)
	at org.apache.catalina.core.StandardHostValve.invoke(StandardHostValve.java:143)
	at org.apache.catalina.valves.ErrorReportValve.invoke(ErrorReportValve.java:92)
	at org.apache.catalina.core.StandardEngineValve.invoke(StandardEngineValve.java:78)
	at org.apache.catalina.connector.CoyoteAdapter.service(CoyoteAdapter.java:343)
	at org.apache.coyote.http11.Http11Processor.service(Http11Processor.java:374)
	at org.apache.coyote.AbstractProcessorLight.process(AbstractProcessorLight.java:65)
	at org.apache.coyote.AbstractProtocol$ConnectionHandler.process(AbstractProtocol.java:888)
	at org.apache.tomcat.util.net.NioEndpoint$SocketProcessor.doRun(NioEndpoint.java:1597)
	at org.apache.tomcat.util.net.SocketProcessorBase.run(SocketProcessorBase.java:49)
	at java.base/java.util.concurrent.ThreadPoolExecutor.runWorker(ThreadPoolExecutor.java:1128)
	at java.base/java.util.concurrent.ThreadPoolExecutor$Worker.run(ThreadPoolExecutor.java:628)
	at org.apache.tomcat.util.threads.TaskThread$WrappingRunnable.run(TaskThread.java:61)
	at java.base/java.lang.Thread.run(Thread.java:834)
13:51:37.613 INFO  o.s.s.c.ThreadPoolTaskExecutor - Shutting down ExecutorService 'applicationTaskExecutor'
13:53:04.279 INFO  b.c.p.v.Application - Starting Application using Java 11.0.9 on DESKTOP-7O46H65 with PID 6208 (C:\Users\Asus\Documents\Anderson\Workspaces\GitHub\passwordValidationApi\password-validation-api\target\classes started by Asus in C:\Users\Asus\Documents\Anderson\Workspaces\GitHub\passwordValidationApi\password-validation-api)
13:53:04.291 DEBUG b.c.p.v.Application - Running with Spring Boot v2.4.1, Spring v5.3.2
13:53:04.292 INFO  b.c.p.v.Application - No active profile set, falling back to default profiles: default
13:53:09.115 INFO  o.s.b.w.e.t.TomcatWebServer - Tomcat initialized with port(s): 80 (http)
13:53:09.161 INFO  o.a.c.h.Http11NioProtocol - Initializing ProtocolHandler ["http-nio-80"]
13:53:09.166 INFO  o.a.c.c.StandardService - Starting service [Tomcat]
13:53:09.167 INFO  o.a.c.c.StandardEngine - Starting Servlet engine: [Apache Tomcat/9.0.41]
13:53:09.588 INFO  o.a.c.c.C.[.[.[/api/password/v1/validation] - Initializing Spring embedded WebApplicationContext
13:53:09.589 INFO  o.s.b.w.s.c.ServletWebServerApplicationContext - Root WebApplicationContext: initialization completed in 5053 ms
13:53:11.162 INFO  o.s.s.c.ThreadPoolTaskExecutor - Initializing ExecutorService 'applicationTaskExecutor'
13:53:12.333 INFO  o.a.c.h.Http11NioProtocol - Starting ProtocolHandler ["http-nio-80"]
13:53:12.450 INFO  o.s.b.w.e.t.TomcatWebServer - Tomcat started on port(s): 80 (http) with context path '/api/password/v1/validation'
13:53:12.523 INFO  b.c.p.v.Application - Started Application in 10.971 seconds (JVM running for 15.557)
13:54:18.454 INFO  o.a.c.c.C.[.[.[/api/password/v1/validation] - Initializing Spring DispatcherServlet 'dispatcherServlet'
13:54:18.455 INFO  o.s.w.s.DispatcherServlet - Initializing Servlet 'dispatcherServlet'
13:54:18.459 INFO  o.s.w.s.DispatcherServlet - Completed initialization in 2 ms
13:54:18.576 DEBUG b.c.p.v.c.PasswordController - Inicio do método checkPassword
13:54:18.577 INFO  b.c.p.v.c.PasswordController - Senha recebida : teste1234
13:54:59.346 DEBUG b.c.p.v.c.PasswordController - Início do método PasswordStatusService - Recebi a senha: teste1234
13:55:31.034 DEBUG b.c.p.v.c.PasswordController - Construtor WordValidationService teste1234
13:55:42.574 DEBUG b.c.p.v.c.PasswordController - Início do método AddList teste1234
13:55:48.255 DEBUG b.c.p.v.c.PasswordController - Fim do método AddList
13:55:48.258 DEBUG b.c.p.v.c.PasswordController - Fim do método PasswordStatusService
13:55:48.261 DEBUG b.c.p.v.c.PasswordController - Início do método PasswordValidation
13:55:48.262 DEBUG b.c.p.v.c.PasswordController - Início do métodoo ValidationSizeMin
13:55:48.263 INFO  b.c.p.v.c.PasswordController - 1 - Tem tamanho mínimo: true
13:55:48.265 DEBUG b.c.p.v.c.PasswordController - Início do métodoo NoSpaceChar
13:55:48.273 INFO  b.c.p.v.c.PasswordController - 2 - Não tem espaço: true
13:55:48.274 DEBUG b.c.p.v.c.PasswordController - Início do métodoo SpecialChar
13:55:48.277 INFO  b.c.p.v.c.PasswordController - 3 - Tem caracter especial: false
13:55:48.278 DEBUG b.c.p.v.c.PasswordController - Fim do metrodo checkPassword: retorno da validação da senha = false
13:58:06.676 INFO  o.s.s.c.ThreadPoolTaskExecutor - Shutting down ExecutorService 'applicationTaskExecutor'
13:59:34.450 INFO  b.c.p.v.Application - Starting Application using Java 11.0.9 on DESKTOP-7O46H65 with PID 10508 (C:\Users\Asus\Documents\Anderson\Workspaces\GitHub\passwordValidationApi\password-validation-api\target\classes started by Asus in C:\Users\Asus\Documents\Anderson\Workspaces\GitHub\passwordValidationApi\password-validation-api)
13:59:34.461 INFO  b.c.p.v.Application - No active profile set, falling back to default profiles: default
13:59:39.504 INFO  o.s.b.w.e.t.TomcatWebServer - Tomcat initialized with port(s): 80 (http)
13:59:39.530 INFO  o.a.c.h.Http11NioProtocol - Initializing ProtocolHandler ["http-nio-80"]
13:59:39.531 INFO  o.a.c.c.StandardService - Starting service [Tomcat]
13:59:39.532 INFO  o.a.c.c.StandardEngine - Starting Servlet engine: [Apache Tomcat/9.0.41]
13:59:39.801 INFO  o.a.c.c.C.[.[.[/api/password/v1/validation] - Initializing Spring embedded WebApplicationContext
13:59:39.802 INFO  o.s.b.w.s.c.ServletWebServerApplicationContext - Root WebApplicationContext: initialization completed in 5060 ms
13:59:41.024 INFO  o.s.s.c.ThreadPoolTaskExecutor - Initializing ExecutorService 'applicationTaskExecutor'
13:59:41.918 INFO  o.a.c.h.Http11NioProtocol - Starting ProtocolHandler ["http-nio-80"]
13:59:41.980 INFO  o.s.b.w.e.t.TomcatWebServer - Tomcat started on port(s): 80 (http) with context path '/api/password/v1/validation'
13:59:42.015 INFO  b.c.p.v.Application - Started Application in 9.465 seconds (JVM running for 12.748)
13:59:55.056 INFO  o.a.c.c.C.[.[.[/api/password/v1/validation] - Initializing Spring DispatcherServlet 'dispatcherServlet'
13:59:55.058 INFO  o.s.w.s.DispatcherServlet - Initializing Servlet 'dispatcherServlet'
13:59:55.061 INFO  o.s.w.s.DispatcherServlet - Completed initialization in 3 ms
13:59:55.211 INFO  b.c.p.v.c.PasswordController - Senha recebida : @Andersom32
13:59:55.242 INFO  b.c.p.v.c.PasswordController - 1 - Tem tamanho mínimo: true
13:59:55.245 INFO  b.c.p.v.c.PasswordController - 2 - Não tem espaço: true
13:59:55.245 INFO  b.c.p.v.c.PasswordController - 3 - Tem caracter especial: true
13:59:55.246 INFO  b.c.p.v.c.PasswordController - 4 - Tem número: true
13:59:55.248 INFO  b.c.p.v.c.PasswordController - 5 - Tem letra: true
13:59:55.249 INFO  b.c.p.v.c.PasswordController - 6 - Tem letra maiuscula: true
13:59:55.249 INFO  b.c.p.v.c.PasswordController - Encontrei o caracter minusculo n
13:59:55.250 INFO  b.c.p.v.c.PasswordController - Encontrei o caracter minusculo d
13:59:55.250 INFO  b.c.p.v.c.PasswordController - Encontrei o caracter minusculo e
13:59:55.251 INFO  b.c.p.v.c.PasswordController - Encontrei o caracter minusculo r
13:59:55.251 INFO  b.c.p.v.c.PasswordController - Encontrei o caracter minusculo s
13:59:55.251 INFO  b.c.p.v.c.PasswordController - Encontrei o caracter minusculo o
13:59:55.251 INFO  b.c.p.v.c.PasswordController - Encontrei o caracter minusculo m
13:59:55.252 INFO  b.c.p.v.c.PasswordController - 7 - Tem letra minuscula: true
13:59:55.253 INFO  b.c.p.v.c.PasswordController - 8 - Não tem caracter repetido: true
14:05:41.964 INFO  b.c.p.v.Application - Starting Application using Java 11.0.9 on DESKTOP-7O46H65 with PID 14576 (C:\Users\Asus\Documents\Anderson\Workspaces\GitHub\passwordValidationApi\password-validation-api\target\classes started by Asus in C:\Users\Asus\Documents\Anderson\Workspaces\GitHub\passwordValidationApi\password-validation-api)
14:05:41.975 INFO  b.c.p.v.Application - No active profile set, falling back to default profiles: default
14:05:48.136 INFO  o.s.b.w.e.t.TomcatWebServer - Tomcat initialized with port(s): 80 (http)
14:05:48.165 INFO  o.a.c.h.Http11NioProtocol - Initializing ProtocolHandler ["http-nio-80"]
14:05:48.166 INFO  o.a.c.c.StandardService - Starting service [Tomcat]
14:05:48.166 INFO  o.a.c.c.StandardEngine - Starting Servlet engine: [Apache Tomcat/9.0.41]
14:05:48.482 INFO  o.a.c.c.C.[.[.[/api/password/v1/validation] - Initializing Spring embedded WebApplicationContext
14:05:48.483 INFO  o.s.b.w.s.c.ServletWebServerApplicationContext - Root WebApplicationContext: initialization completed in 6192 ms
14:05:50.374 INFO  o.s.s.c.ThreadPoolTaskExecutor - Initializing ExecutorService 'applicationTaskExecutor'
14:05:51.145 INFO  o.a.c.h.Http11NioProtocol - Starting ProtocolHandler ["http-nio-80"]
14:05:51.241 INFO  o.s.b.w.e.t.TomcatWebServer - Tomcat started on port(s): 80 (http) with context path '/api/password/v1/validation'
14:05:51.286 INFO  b.c.p.v.Application - Started Application in 11.283 seconds (JVM running for 14.627)
14:06:10.864 INFO  o.a.c.c.C.[.[.[/api/password/v1/validation] - Initializing Spring DispatcherServlet 'dispatcherServlet'
14:06:10.865 INFO  o.s.w.s.DispatcherServlet - Initializing Servlet 'dispatcherServlet'
14:06:10.869 INFO  o.s.w.s.DispatcherServlet - Completed initialization in 3 ms
14:06:11.040 INFO  b.c.p.v.c.PasswordController - Senha recebida : AbTp9!fok
14:06:11.063 INFO  b.c.p.v.c.PasswordController - 1 - Tem tamanho mínimo: true
14:06:11.064 INFO  b.c.p.v.c.PasswordController - 2 - Não tem espaço: true
14:06:11.065 INFO  b.c.p.v.c.PasswordController - 3 - Tem caracter especial: true
14:06:11.066 INFO  b.c.p.v.c.PasswordController - 4 - Tem número: true
14:06:11.067 INFO  b.c.p.v.c.PasswordController - 5 - Tem letra: true
14:06:11.068 INFO  b.c.p.v.c.PasswordController - 6 - Tem letra maiuscula: true
14:06:11.070 INFO  b.c.p.v.c.PasswordController - 7 - Tem letra minuscula: true
14:06:11.071 INFO  b.c.p.v.c.PasswordController - 8 - Não tem caracter repetido: true
17:26:53.527 INFO  o.s.b.t.c.SpringBootTestContextBootstrapper - Neither @ContextConfiguration nor @ContextHierarchy found for test class [br.com.password.validation.ApplicationTests], using SpringBootContextLoader
17:26:53.555 INFO  o.s.t.c.s.AbstractContextLoader - Could not detect default resource locations for test class [br.com.password.validation.ApplicationTests]: no resource found for suffixes {-context.xml, Context.groovy}.
17:26:53.559 INFO  o.s.t.c.s.AnnotationConfigContextLoaderUtils - Could not detect default configuration classes for test class [br.com.password.validation.ApplicationTests]: ApplicationTests does not declare any static, non-private, non-final, nested classes annotated with @Configuration.
17:26:54.035 INFO  o.s.b.t.c.SpringBootTestContextBootstrapper - Found @SpringBootConfiguration br.com.password.validation.Application for test class br.com.password.validation.ApplicationTests
17:26:54.668 INFO  o.s.b.t.c.SpringBootTestContextBootstrapper - Loaded default TestExecutionListener class names from location [META-INF/spring.factories]: [org.springframework.boot.test.mock.mockito.MockitoTestExecutionListener, org.springframework.boot.test.mock.mockito.ResetMocksTestExecutionListener, org.springframework.boot.test.autoconfigure.restdocs.RestDocsTestExecutionListener, org.springframework.boot.test.autoconfigure.web.client.MockRestServiceServerResetTestExecutionListener, org.springframework.boot.test.autoconfigure.web.servlet.MockMvcPrintOnlyOnFailureTestExecutionListener, org.springframework.boot.test.autoconfigure.web.servlet.WebDriverTestExecutionListener, org.springframework.boot.test.autoconfigure.webservices.client.MockWebServiceServerTestExecutionListener, org.springframework.test.context.web.ServletTestExecutionListener, org.springframework.test.context.support.DirtiesContextBeforeModesTestExecutionListener, org.springframework.test.context.support.DependencyInjectionTestExecutionListener, org.springframework.test.context.support.DirtiesContextTestExecutionListener, org.springframework.test.context.transaction.TransactionalTestExecutionListener, org.springframework.test.context.jdbc.SqlScriptsTestExecutionListener, org.springframework.test.context.event.EventPublishingTestExecutionListener]
17:26:54.717 INFO  o.s.b.t.c.SpringBootTestContextBootstrapper - Using TestExecutionListeners: [org.springframework.test.context.web.ServletTestExecutionListener@5b800468, org.springframework.test.context.support.DirtiesContextBeforeModesTestExecutionListener@2e185cd7, org.springframework.boot.test.mock.mockito.MockitoTestExecutionListener@7e1a1da6, org.springframework.boot.test.autoconfigure.SpringBootDependencyInjectionTestExecutionListener@5f7f2382, org.springframework.test.context.support.DirtiesContextTestExecutionListener@407cf41, org.springframework.test.context.event.EventPublishingTestExecutionListener@6815c5f2, org.springframework.boot.test.mock.mockito.ResetMocksTestExecutionListener@46cc127b, org.springframework.boot.test.autoconfigure.restdocs.RestDocsTestExecutionListener@60094a13, org.springframework.boot.test.autoconfigure.web.client.MockRestServiceServerResetTestExecutionListener@5aceec94, org.springframework.boot.test.autoconfigure.web.servlet.MockMvcPrintOnlyOnFailureTestExecutionListener@1c32886a, org.springframework.boot.test.autoconfigure.web.servlet.WebDriverTestExecutionListener@3a4b0e5d, org.springframework.boot.test.autoconfigure.webservices.client.MockWebServiceServerTestExecutionListener@10b892d5]
17:26:56.025 INFO  b.c.p.v.ApplicationTests - Starting ApplicationTests using Java 11.0.9 on DESKTOP-7O46H65 with PID 13272 (started by Asus in C:\Users\Asus\Documents\Anderson\Workspaces\GitHub\passwordValidationApi\password-validation-api)
17:26:56.038 INFO  b.c.p.v.ApplicationTests - No active profile set, falling back to default profiles: default
17:27:00.912 INFO  o.s.s.c.ThreadPoolTaskExecutor - Initializing ExecutorService 'applicationTaskExecutor'
17:27:02.006 INFO  b.c.p.v.ApplicationTests - Started ApplicationTests in 7.046 seconds (JVM running for 12.991)
17:27:06.096 INFO  o.s.s.c.ThreadPoolTaskExecutor - Shutting down ExecutorService 'applicationTaskExecutor'
17:40:11.562 INFO  o.s.b.t.c.SpringBootTestContextBootstrapper - Neither @ContextConfiguration nor @ContextHierarchy found for test class [br.com.password.validation.ApplicationTests], using SpringBootContextLoader
17:40:11.590 INFO  o.s.t.c.s.AbstractContextLoader - Could not detect default resource locations for test class [br.com.password.validation.ApplicationTests]: no resource found for suffixes {-context.xml, Context.groovy}.
17:40:11.596 INFO  o.s.t.c.s.AnnotationConfigContextLoaderUtils - Could not detect default configuration classes for test class [br.com.password.validation.ApplicationTests]: ApplicationTests does not declare any static, non-private, non-final, nested classes annotated with @Configuration.
17:40:12.155 INFO  o.s.b.t.c.SpringBootTestContextBootstrapper - Found @SpringBootConfiguration br.com.password.validation.Application for test class br.com.password.validation.ApplicationTests
17:40:12.621 INFO  o.s.b.t.c.SpringBootTestContextBootstrapper - Loaded default TestExecutionListener class names from location [META-INF/spring.factories]: [org.springframework.boot.test.mock.mockito.MockitoTestExecutionListener, org.springframework.boot.test.mock.mockito.ResetMocksTestExecutionListener, org.springframework.boot.test.autoconfigure.restdocs.RestDocsTestExecutionListener, org.springframework.boot.test.autoconfigure.web.client.MockRestServiceServerResetTestExecutionListener, org.springframework.boot.test.autoconfigure.web.servlet.MockMvcPrintOnlyOnFailureTestExecutionListener, org.springframework.boot.test.autoconfigure.web.servlet.WebDriverTestExecutionListener, org.springframework.boot.test.autoconfigure.webservices.client.MockWebServiceServerTestExecutionListener, org.springframework.test.context.web.ServletTestExecutionListener, org.springframework.test.context.support.DirtiesContextBeforeModesTestExecutionListener, org.springframework.test.context.support.DependencyInjectionTestExecutionListener, org.springframework.test.context.support.DirtiesContextTestExecutionListener, org.springframework.test.context.transaction.TransactionalTestExecutionListener, org.springframework.test.context.jdbc.SqlScriptsTestExecutionListener, org.springframework.test.context.event.EventPublishingTestExecutionListener]
17:40:12.665 INFO  o.s.b.t.c.SpringBootTestContextBootstrapper - Using TestExecutionListeners: [org.springframework.test.context.web.ServletTestExecutionListener@60094a13, org.springframework.test.context.support.DirtiesContextBeforeModesTestExecutionListener@5aceec94, org.springframework.boot.test.mock.mockito.MockitoTestExecutionListener@1c32886a, org.springframework.boot.test.autoconfigure.SpringBootDependencyInjectionTestExecutionListener@3a4b0e5d, org.springframework.test.context.support.DirtiesContextTestExecutionListener@10b892d5, org.springframework.test.context.event.EventPublishingTestExecutionListener@3d3f761a, org.springframework.boot.test.mock.mockito.ResetMocksTestExecutionListener@3546d80f, org.springframework.boot.test.autoconfigure.restdocs.RestDocsTestExecutionListener@579d011c, org.springframework.boot.test.autoconfigure.web.client.MockRestServiceServerResetTestExecutionListener@3670f00, org.springframework.boot.test.autoconfigure.web.servlet.MockMvcPrintOnlyOnFailureTestExecutionListener@452e26d0, org.springframework.boot.test.autoconfigure.web.servlet.WebDriverTestExecutionListener@46ab18da, org.springframework.boot.test.autoconfigure.webservices.client.MockWebServiceServerTestExecutionListener@790174f2]
17:40:14.228 INFO  b.c.p.v.ApplicationTests - Starting ApplicationTests using Java 11.0.9 on DESKTOP-7O46H65 with PID 14352 (started by Asus in C:\Users\Asus\Documents\Anderson\Workspaces\GitHub\passwordValidationApi\password-validation-api)
17:40:14.239 INFO  b.c.p.v.ApplicationTests - No active profile set, falling back to default profiles: default
17:40:19.502 INFO  o.s.s.c.ThreadPoolTaskExecutor - Initializing ExecutorService 'applicationTaskExecutor'
17:40:20.853 INFO  b.c.p.v.ApplicationTests - Started ApplicationTests in 8.013 seconds (JVM running for 13.212)
17:40:25.075 INFO  o.s.s.c.ThreadPoolTaskExecutor - Shutting down ExecutorService 'applicationTaskExecutor'
18:10:11.050 INFO  o.s.b.t.c.SpringBootTestContextBootstrapper - Neither @ContextConfiguration nor @ContextHierarchy found for test class [br.com.password.validation.ApplicationTests], using SpringBootContextLoader
18:10:11.073 INFO  o.s.t.c.s.AbstractContextLoader - Could not detect default resource locations for test class [br.com.password.validation.ApplicationTests]: no resource found for suffixes {-context.xml, Context.groovy}.
18:10:11.076 INFO  o.s.t.c.s.AnnotationConfigContextLoaderUtils - Could not detect default configuration classes for test class [br.com.password.validation.ApplicationTests]: ApplicationTests does not declare any static, non-private, non-final, nested classes annotated with @Configuration.
18:10:12.002 INFO  o.s.b.t.c.SpringBootTestContextBootstrapper - Found @SpringBootConfiguration br.com.password.validation.Application for test class br.com.password.validation.ApplicationTests
18:10:12.481 INFO  o.s.b.t.c.SpringBootTestContextBootstrapper - Loaded default TestExecutionListener class names from location [META-INF/spring.factories]: [org.springframework.boot.test.mock.mockito.MockitoTestExecutionListener, org.springframework.boot.test.mock.mockito.ResetMocksTestExecutionListener, org.springframework.boot.test.autoconfigure.restdocs.RestDocsTestExecutionListener, org.springframework.boot.test.autoconfigure.web.client.MockRestServiceServerResetTestExecutionListener, org.springframework.boot.test.autoconfigure.web.servlet.MockMvcPrintOnlyOnFailureTestExecutionListener, org.springframework.boot.test.autoconfigure.web.servlet.WebDriverTestExecutionListener, org.springframework.boot.test.autoconfigure.webservices.client.MockWebServiceServerTestExecutionListener, org.springframework.test.context.web.ServletTestExecutionListener, org.springframework.test.context.support.DirtiesContextBeforeModesTestExecutionListener, org.springframework.test.context.support.DependencyInjectionTestExecutionListener, org.springframework.test.context.support.DirtiesContextTestExecutionListener, org.springframework.test.context.transaction.TransactionalTestExecutionListener, org.springframework.test.context.jdbc.SqlScriptsTestExecutionListener, org.springframework.test.context.event.EventPublishingTestExecutionListener]
18:10:12.526 INFO  o.s.b.t.c.SpringBootTestContextBootstrapper - Using TestExecutionListeners: [org.springframework.test.context.web.ServletTestExecutionListener@4b629f13, org.springframework.test.context.support.DirtiesContextBeforeModesTestExecutionListener@70925b45, org.springframework.boot.test.mock.mockito.MockitoTestExecutionListener@1b9ea3e3, org.springframework.boot.test.autoconfigure.SpringBootDependencyInjectionTestExecutionListener@aa22f1c, org.springframework.test.context.support.DirtiesContextTestExecutionListener@55e7a35c, org.springframework.test.context.event.EventPublishingTestExecutionListener@37cd92d6, org.springframework.boot.test.mock.mockito.ResetMocksTestExecutionListener@5922ae77, org.springframework.boot.test.autoconfigure.restdocs.RestDocsTestExecutionListener@4263b080, org.springframework.boot.test.autoconfigure.web.client.MockRestServiceServerResetTestExecutionListener@2af616d3, org.springframework.boot.test.autoconfigure.web.servlet.MockMvcPrintOnlyOnFailureTestExecutionListener@71f67a79, org.springframework.boot.test.autoconfigure.web.servlet.WebDriverTestExecutionListener@3deb2326, org.springframework.boot.test.autoconfigure.webservices.client.MockWebServiceServerTestExecutionListener@62d363ab]
18:10:14.124 INFO  b.c.p.v.ApplicationTests - Starting ApplicationTests using Java 11.0.9 on DESKTOP-7O46H65 with PID 13924 (started by Asus in C:\Users\Asus\Documents\Anderson\Workspaces\GitHub\passwordValidationApi\password-validation-api)
18:10:14.174 INFO  b.c.p.v.ApplicationTests - No active profile set, falling back to default profiles: default
18:10:19.313 INFO  o.s.s.c.ThreadPoolTaskExecutor - Initializing ExecutorService 'applicationTaskExecutor'
18:10:20.297 INFO  b.c.p.v.ApplicationTests - Started ApplicationTests in 7.595 seconds (JVM running for 13.235)
18:10:24.247 INFO  o.s.s.c.ThreadPoolTaskExecutor - Shutting down ExecutorService 'applicationTaskExecutor'
18:11:44.741 INFO  o.s.b.t.c.SpringBootTestContextBootstrapper - Neither @ContextConfiguration nor @ContextHierarchy found for test class [br.com.password.validation.ApplicationTests], using SpringBootContextLoader
18:11:44.765 INFO  o.s.t.c.s.AbstractContextLoader - Could not detect default resource locations for test class [br.com.password.validation.ApplicationTests]: no resource found for suffixes {-context.xml, Context.groovy}.
18:11:44.769 INFO  o.s.t.c.s.AnnotationConfigContextLoaderUtils - Could not detect default configuration classes for test class [br.com.password.validation.ApplicationTests]: ApplicationTests does not declare any static, non-private, non-final, nested classes annotated with @Configuration.
18:11:45.206 INFO  o.s.b.t.c.SpringBootTestContextBootstrapper - Found @SpringBootConfiguration br.com.password.validation.Application for test class br.com.password.validation.ApplicationTests
18:11:45.645 INFO  o.s.b.t.c.SpringBootTestContextBootstrapper - Loaded default TestExecutionListener class names from location [META-INF/spring.factories]: [org.springframework.boot.test.mock.mockito.MockitoTestExecutionListener, org.springframework.boot.test.mock.mockito.ResetMocksTestExecutionListener, org.springframework.boot.test.autoconfigure.restdocs.RestDocsTestExecutionListener, org.springframework.boot.test.autoconfigure.web.client.MockRestServiceServerResetTestExecutionListener, org.springframework.boot.test.autoconfigure.web.servlet.MockMvcPrintOnlyOnFailureTestExecutionListener, org.springframework.boot.test.autoconfigure.web.servlet.WebDriverTestExecutionListener, org.springframework.boot.test.autoconfigure.webservices.client.MockWebServiceServerTestExecutionListener, org.springframework.test.context.web.ServletTestExecutionListener, org.springframework.test.context.support.DirtiesContextBeforeModesTestExecutionListener, org.springframework.test.context.support.DependencyInjectionTestExecutionListener, org.springframework.test.context.support.DirtiesContextTestExecutionListener, org.springframework.test.context.transaction.TransactionalTestExecutionListener, org.springframework.test.context.jdbc.SqlScriptsTestExecutionListener, org.springframework.test.context.event.EventPublishingTestExecutionListener]
18:11:45.691 INFO  o.s.b.t.c.SpringBootTestContextBootstrapper - Using TestExecutionListeners: [org.springframework.test.context.web.ServletTestExecutionListener@4b629f13, org.springframework.test.context.support.DirtiesContextBeforeModesTestExecutionListener@70925b45, org.springframework.boot.test.mock.mockito.MockitoTestExecutionListener@1b9ea3e3, org.springframework.boot.test.autoconfigure.SpringBootDependencyInjectionTestExecutionListener@aa22f1c, org.springframework.test.context.support.DirtiesContextTestExecutionListener@55e7a35c, org.springframework.test.context.event.EventPublishingTestExecutionListener@37cd92d6, org.springframework.boot.test.mock.mockito.ResetMocksTestExecutionListener@5922ae77, org.springframework.boot.test.autoconfigure.restdocs.RestDocsTestExecutionListener@4263b080, org.springframework.boot.test.autoconfigure.web.client.MockRestServiceServerResetTestExecutionListener@2af616d3, org.springframework.boot.test.autoconfigure.web.servlet.MockMvcPrintOnlyOnFailureTestExecutionListener@71f67a79, org.springframework.boot.test.autoconfigure.web.servlet.WebDriverTestExecutionListener@3deb2326, org.springframework.boot.test.autoconfigure.webservices.client.MockWebServiceServerTestExecutionListener@62d363ab]
18:11:47.037 INFO  b.c.p.v.ApplicationTests - Starting ApplicationTests using Java 11.0.9 on DESKTOP-7O46H65 with PID 8560 (started by Asus in C:\Users\Asus\Documents\Anderson\Workspaces\GitHub\passwordValidationApi\password-validation-api)
18:11:47.057 INFO  b.c.p.v.ApplicationTests - No active profile set, falling back to default profiles: default
18:11:51.546 INFO  o.s.s.c.ThreadPoolTaskExecutor - Initializing ExecutorService 'applicationTaskExecutor'
18:11:52.876 INFO  b.c.p.v.ApplicationTests - Started ApplicationTests in 7.033 seconds (JVM running for 11.71)
18:11:56.068 INFO  o.s.s.c.ThreadPoolTaskExecutor - Shutting down ExecutorService 'applicationTaskExecutor'
19:54:31.415 INFO  o.s.b.t.c.SpringBootTestContextBootstrapper - Neither @ContextConfiguration nor @ContextHierarchy found for test class [br.com.password.validation.ApplicationTests], using SpringBootContextLoader
19:54:31.440 INFO  o.s.t.c.s.AbstractContextLoader - Could not detect default resource locations for test class [br.com.password.validation.ApplicationTests]: no resource found for suffixes {-context.xml, Context.groovy}.
19:54:31.446 INFO  o.s.t.c.s.AnnotationConfigContextLoaderUtils - Could not detect default configuration classes for test class [br.com.password.validation.ApplicationTests]: ApplicationTests does not declare any static, non-private, non-final, nested classes annotated with @Configuration.
19:54:31.918 INFO  o.s.b.t.c.SpringBootTestContextBootstrapper - Found @SpringBootConfiguration br.com.password.validation.Application for test class br.com.password.validation.ApplicationTests
19:54:32.509 INFO  o.s.b.t.c.SpringBootTestContextBootstrapper - Loaded default TestExecutionListener class names from location [META-INF/spring.factories]: [org.springframework.boot.test.mock.mockito.MockitoTestExecutionListener, org.springframework.boot.test.mock.mockito.ResetMocksTestExecutionListener, org.springframework.boot.test.autoconfigure.restdocs.RestDocsTestExecutionListener, org.springframework.boot.test.autoconfigure.web.client.MockRestServiceServerResetTestExecutionListener, org.springframework.boot.test.autoconfigure.web.servlet.MockMvcPrintOnlyOnFailureTestExecutionListener, org.springframework.boot.test.autoconfigure.web.servlet.WebDriverTestExecutionListener, org.springframework.boot.test.autoconfigure.webservices.client.MockWebServiceServerTestExecutionListener, org.springframework.test.context.web.ServletTestExecutionListener, org.springframework.test.context.support.DirtiesContextBeforeModesTestExecutionListener, org.springframework.test.context.support.DependencyInjectionTestExecutionListener, org.springframework.test.context.support.DirtiesContextTestExecutionListener, org.springframework.test.context.transaction.TransactionalTestExecutionListener, org.springframework.test.context.jdbc.SqlScriptsTestExecutionListener, org.springframework.test.context.event.EventPublishingTestExecutionListener]
19:54:32.564 INFO  o.s.b.t.c.SpringBootTestContextBootstrapper - Using TestExecutionListeners: [org.springframework.test.context.web.ServletTestExecutionListener@71f67a79, org.springframework.test.context.support.DirtiesContextBeforeModesTestExecutionListener@3deb2326, org.springframework.boot.test.mock.mockito.MockitoTestExecutionListener@62d363ab, org.springframework.boot.test.autoconfigure.SpringBootDependencyInjectionTestExecutionListener@7889a1ac, org.springframework.test.context.support.DirtiesContextTestExecutionListener@3aee3976, org.springframework.test.context.event.EventPublishingTestExecutionListener@5ef8df1e, org.springframework.boot.test.mock.mockito.ResetMocksTestExecutionListener@27cf3151, org.springframework.boot.test.autoconfigure.restdocs.RestDocsTestExecutionListener@127e70c5, org.springframework.boot.test.autoconfigure.web.client.MockRestServiceServerResetTestExecutionListener@5910de75, org.springframework.boot.test.autoconfigure.web.servlet.MockMvcPrintOnlyOnFailureTestExecutionListener@4108fa66, org.springframework.boot.test.autoconfigure.web.servlet.WebDriverTestExecutionListener@1f130eaf, org.springframework.boot.test.autoconfigure.webservices.client.MockWebServiceServerTestExecutionListener@7e0aadd0]
19:54:33.798 INFO  b.c.p.v.ApplicationTests - Starting ApplicationTests using Java 11.0.9 on DESKTOP-7O46H65 with PID 13728 (started by Asus in C:\Users\Asus\Documents\Anderson\Workspaces\GitHub\passwordValidationApi\password-validation-api)
19:54:33.828 INFO  b.c.p.v.ApplicationTests - No active profile set, falling back to default profiles: default
19:54:38.183 INFO  o.s.s.c.ThreadPoolTaskExecutor - Initializing ExecutorService 'applicationTaskExecutor'
19:54:39.250 INFO  b.c.p.v.ApplicationTests - Started ApplicationTests in 6.446 seconds (JVM running for 11.833)
19:54:42.873 INFO  o.s.s.c.ThreadPoolTaskExecutor - Shutting down ExecutorService 'applicationTaskExecutor'
20:00:29.017 INFO  o.s.b.t.c.SpringBootTestContextBootstrapper - Neither @ContextConfiguration nor @ContextHierarchy found for test class [br.com.password.validation.ApplicationTests], using SpringBootContextLoader
20:00:29.036 INFO  o.s.t.c.s.AbstractContextLoader - Could not detect default resource locations for test class [br.com.password.validation.ApplicationTests]: no resource found for suffixes {-context.xml, Context.groovy}.
20:00:29.040 INFO  o.s.t.c.s.AnnotationConfigContextLoaderUtils - Could not detect default configuration classes for test class [br.com.password.validation.ApplicationTests]: ApplicationTests does not declare any static, non-private, non-final, nested classes annotated with @Configuration.
20:00:29.543 INFO  o.s.b.t.c.SpringBootTestContextBootstrapper - Found @SpringBootConfiguration br.com.password.validation.Application for test class br.com.password.validation.ApplicationTests
20:00:29.943 INFO  o.s.b.t.c.SpringBootTestContextBootstrapper - Loaded default TestExecutionListener class names from location [META-INF/spring.factories]: [org.springframework.boot.test.mock.mockito.MockitoTestExecutionListener, org.springframework.boot.test.mock.mockito.ResetMocksTestExecutionListener, org.springframework.boot.test.autoconfigure.restdocs.RestDocsTestExecutionListener, org.springframework.boot.test.autoconfigure.web.client.MockRestServiceServerResetTestExecutionListener, org.springframework.boot.test.autoconfigure.web.servlet.MockMvcPrintOnlyOnFailureTestExecutionListener, org.springframework.boot.test.autoconfigure.web.servlet.WebDriverTestExecutionListener, org.springframework.boot.test.autoconfigure.webservices.client.MockWebServiceServerTestExecutionListener, org.springframework.test.context.web.ServletTestExecutionListener, org.springframework.test.context.support.DirtiesContextBeforeModesTestExecutionListener, org.springframework.test.context.support.DependencyInjectionTestExecutionListener, org.springframework.test.context.support.DirtiesContextTestExecutionListener, org.springframework.test.context.transaction.TransactionalTestExecutionListener, org.springframework.test.context.jdbc.SqlScriptsTestExecutionListener, org.springframework.test.context.event.EventPublishingTestExecutionListener]
20:00:29.989 INFO  o.s.b.t.c.SpringBootTestContextBootstrapper - Using TestExecutionListeners: [org.springframework.test.context.web.ServletTestExecutionListener@27cf3151, org.springframework.test.context.support.DirtiesContextBeforeModesTestExecutionListener@127e70c5, org.springframework.boot.test.mock.mockito.MockitoTestExecutionListener@5910de75, org.springframework.boot.test.autoconfigure.SpringBootDependencyInjectionTestExecutionListener@4108fa66, org.springframework.test.context.support.DirtiesContextTestExecutionListener@1f130eaf, org.springframework.test.context.event.EventPublishingTestExecutionListener@7e0aadd0, org.springframework.boot.test.mock.mockito.ResetMocksTestExecutionListener@21362712, org.springframework.boot.test.autoconfigure.restdocs.RestDocsTestExecutionListener@27eb3298, org.springframework.boot.test.autoconfigure.web.client.MockRestServiceServerResetTestExecutionListener@200a26bc, org.springframework.boot.test.autoconfigure.web.servlet.MockMvcPrintOnlyOnFailureTestExecutionListener@bc57b40, org.springframework.boot.test.autoconfigure.web.servlet.WebDriverTestExecutionListener@1b5bc39d, org.springframework.boot.test.autoconfigure.webservices.client.MockWebServiceServerTestExecutionListener@655a5d9c]
20:00:31.354 INFO  b.c.p.v.ApplicationTests - Starting ApplicationTests using Java 11.0.9 on DESKTOP-7O46H65 with PID 14292 (started by Asus in C:\Users\Asus\Documents\Anderson\Workspaces\GitHub\passwordValidationApi\password-validation-api)
20:00:31.398 INFO  b.c.p.v.ApplicationTests - No active profile set, falling back to default profiles: default
20:00:36.216 INFO  o.s.s.c.ThreadPoolTaskExecutor - Initializing ExecutorService 'applicationTaskExecutor'
20:00:37.507 INFO  b.c.p.v.ApplicationTests - Started ApplicationTests in 7.342 seconds (JVM running for 12.128)
20:00:41.335 INFO  o.s.s.c.ThreadPoolTaskExecutor - Shutting down ExecutorService 'applicationTaskExecutor'
20:01:14.344 INFO  o.s.b.t.c.SpringBootTestContextBootstrapper - Neither @ContextConfiguration nor @ContextHierarchy found for test class [br.com.password.validation.ApplicationTests], using SpringBootContextLoader
20:01:14.372 INFO  o.s.t.c.s.AbstractContextLoader - Could not detect default resource locations for test class [br.com.password.validation.ApplicationTests]: no resource found for suffixes {-context.xml, Context.groovy}.
20:01:14.375 INFO  o.s.t.c.s.AnnotationConfigContextLoaderUtils - Could not detect default configuration classes for test class [br.com.password.validation.ApplicationTests]: ApplicationTests does not declare any static, non-private, non-final, nested classes annotated with @Configuration.
20:01:14.960 INFO  o.s.b.t.c.SpringBootTestContextBootstrapper - Found @SpringBootConfiguration br.com.password.validation.Application for test class br.com.password.validation.ApplicationTests
20:01:15.341 INFO  o.s.b.t.c.SpringBootTestContextBootstrapper - Loaded default TestExecutionListener class names from location [META-INF/spring.factories]: [org.springframework.boot.test.mock.mockito.MockitoTestExecutionListener, org.springframework.boot.test.mock.mockito.ResetMocksTestExecutionListener, org.springframework.boot.test.autoconfigure.restdocs.RestDocsTestExecutionListener, org.springframework.boot.test.autoconfigure.web.client.MockRestServiceServerResetTestExecutionListener, org.springframework.boot.test.autoconfigure.web.servlet.MockMvcPrintOnlyOnFailureTestExecutionListener, org.springframework.boot.test.autoconfigure.web.servlet.WebDriverTestExecutionListener, org.springframework.boot.test.autoconfigure.webservices.client.MockWebServiceServerTestExecutionListener, org.springframework.test.context.web.ServletTestExecutionListener, org.springframework.test.context.support.DirtiesContextBeforeModesTestExecutionListener, org.springframework.test.context.support.DependencyInjectionTestExecutionListener, org.springframework.test.context.support.DirtiesContextTestExecutionListener, org.springframework.test.context.transaction.TransactionalTestExecutionListener, org.springframework.test.context.jdbc.SqlScriptsTestExecutionListener, org.springframework.test.context.event.EventPublishingTestExecutionListener]
20:01:15.380 INFO  o.s.b.t.c.SpringBootTestContextBootstrapper - Using TestExecutionListeners: [org.springframework.test.context.web.ServletTestExecutionListener@5ef8df1e, org.springframework.test.context.support.DirtiesContextBeforeModesTestExecutionListener@27cf3151, org.springframework.boot.test.mock.mockito.MockitoTestExecutionListener@127e70c5, org.springframework.boot.test.autoconfigure.SpringBootDependencyInjectionTestExecutionListener@5910de75, org.springframework.test.context.support.DirtiesContextTestExecutionListener@4108fa66, org.springframework.test.context.event.EventPublishingTestExecutionListener@1f130eaf, org.springframework.boot.test.mock.mockito.ResetMocksTestExecutionListener@7e0aadd0, org.springframework.boot.test.autoconfigure.restdocs.RestDocsTestExecutionListener@21362712, org.springframework.boot.test.autoconfigure.web.client.MockRestServiceServerResetTestExecutionListener@27eb3298, org.springframework.boot.test.autoconfigure.web.servlet.MockMvcPrintOnlyOnFailureTestExecutionListener@200a26bc, org.springframework.boot.test.autoconfigure.web.servlet.WebDriverTestExecutionListener@bc57b40, org.springframework.boot.test.autoconfigure.webservices.client.MockWebServiceServerTestExecutionListener@1b5bc39d]
20:01:16.903 INFO  b.c.p.v.ApplicationTests - Starting ApplicationTests using Java 11.0.9 on DESKTOP-7O46H65 with PID 7696 (started by Asus in C:\Users\Asus\Documents\Anderson\Workspaces\GitHub\passwordValidationApi\password-validation-api)
20:01:16.918 INFO  b.c.p.v.ApplicationTests - No active profile set, falling back to default profiles: default
20:01:22.597 INFO  o.s.s.c.ThreadPoolTaskExecutor - Initializing ExecutorService 'applicationTaskExecutor'
20:01:23.756 INFO  b.c.p.v.ApplicationTests - Started ApplicationTests in 8.249 seconds (JVM running for 13.119)
20:01:27.796 INFO  o.s.s.c.ThreadPoolTaskExecutor - Shutting down ExecutorService 'applicationTaskExecutor'
20:07:58.354 INFO  o.s.b.t.c.SpringBootTestContextBootstrapper - Neither @ContextConfiguration nor @ContextHierarchy found for test class [br.com.password.validation.ApplicationTests], using SpringBootContextLoader
20:07:58.384 INFO  o.s.t.c.s.AbstractContextLoader - Could not detect default resource locations for test class [br.com.password.validation.ApplicationTests]: no resource found for suffixes {-context.xml, Context.groovy}.
20:07:58.387 INFO  o.s.t.c.s.AnnotationConfigContextLoaderUtils - Could not detect default configuration classes for test class [br.com.password.validation.ApplicationTests]: ApplicationTests does not declare any static, non-private, non-final, nested classes annotated with @Configuration.
20:07:58.849 INFO  o.s.b.t.c.SpringBootTestContextBootstrapper - Found @SpringBootConfiguration br.com.password.validation.Application for test class br.com.password.validation.ApplicationTests
20:07:59.214 INFO  o.s.b.t.c.SpringBootTestContextBootstrapper - Loaded default TestExecutionListener class names from location [META-INF/spring.factories]: [org.springframework.boot.test.mock.mockito.MockitoTestExecutionListener, org.springframework.boot.test.mock.mockito.ResetMocksTestExecutionListener, org.springframework.boot.test.autoconfigure.restdocs.RestDocsTestExecutionListener, org.springframework.boot.test.autoconfigure.web.client.MockRestServiceServerResetTestExecutionListener, org.springframework.boot.test.autoconfigure.web.servlet.MockMvcPrintOnlyOnFailureTestExecutionListener, org.springframework.boot.test.autoconfigure.web.servlet.WebDriverTestExecutionListener, org.springframework.boot.test.autoconfigure.webservices.client.MockWebServiceServerTestExecutionListener, org.springframework.test.context.web.ServletTestExecutionListener, org.springframework.test.context.support.DirtiesContextBeforeModesTestExecutionListener, org.springframework.test.context.support.DependencyInjectionTestExecutionListener, org.springframework.test.context.support.DirtiesContextTestExecutionListener, org.springframework.test.context.transaction.TransactionalTestExecutionListener, org.springframework.test.context.jdbc.SqlScriptsTestExecutionListener, org.springframework.test.context.event.EventPublishingTestExecutionListener]
20:07:59.245 INFO  o.s.b.t.c.SpringBootTestContextBootstrapper - Using TestExecutionListeners: [org.springframework.test.context.web.ServletTestExecutionListener@5f7f2382, org.springframework.test.context.support.DirtiesContextBeforeModesTestExecutionListener@407cf41, org.springframework.boot.test.mock.mockito.MockitoTestExecutionListener@6815c5f2, org.springframework.boot.test.autoconfigure.SpringBootDependencyInjectionTestExecutionListener@46cc127b, org.springframework.test.context.support.DirtiesContextTestExecutionListener@60094a13, org.springframework.test.context.event.EventPublishingTestExecutionListener@5aceec94, org.springframework.boot.test.mock.mockito.ResetMocksTestExecutionListener@1c32886a, org.springframework.boot.test.autoconfigure.restdocs.RestDocsTestExecutionListener@3a4b0e5d, org.springframework.boot.test.autoconfigure.web.client.MockRestServiceServerResetTestExecutionListener@10b892d5, org.springframework.boot.test.autoconfigure.web.servlet.MockMvcPrintOnlyOnFailureTestExecutionListener@3d3f761a, org.springframework.boot.test.autoconfigure.web.servlet.WebDriverTestExecutionListener@3546d80f, org.springframework.boot.test.autoconfigure.webservices.client.MockWebServiceServerTestExecutionListener@579d011c]
20:08:00.418 INFO  b.c.p.v.ApplicationTests - Starting ApplicationTests using Java 11.0.9 on DESKTOP-7O46H65 with PID 12744 (started by Asus in C:\Users\Asus\Documents\Anderson\Workspaces\GitHub\passwordValidationApi\password-validation-api)
20:08:00.436 INFO  b.c.p.v.ApplicationTests - No active profile set, falling back to default profiles: default
20:08:05.141 INFO  o.s.s.c.ThreadPoolTaskExecutor - Initializing ExecutorService 'applicationTaskExecutor'
20:08:06.213 INFO  b.c.p.v.ApplicationTests - Started ApplicationTests in 6.828 seconds (JVM running for 11.69)
20:08:09.260 INFO  o.s.s.c.ThreadPoolTaskExecutor - Shutting down ExecutorService 'applicationTaskExecutor'
20:09:23.633 INFO  b.c.p.v.Application - Starting Application using Java 11.0.9 on DESKTOP-7O46H65 with PID 2932 (C:\Users\Asus\Documents\Anderson\Workspaces\GitHub\passwordValidationApi\password-validation-api\target\classes started by Asus in C:\Users\Asus\Documents\Anderson\Workspaces\GitHub\passwordValidationApi\password-validation-api)
20:09:23.643 INFO  b.c.p.v.Application - No active profile set, falling back to default profiles: default
20:09:28.748 INFO  o.s.b.w.e.t.TomcatWebServer - Tomcat initialized with port(s): 80 (http)
20:09:28.781 INFO  o.a.c.h.Http11NioProtocol - Initializing ProtocolHandler ["http-nio-80"]
20:09:28.782 INFO  o.a.c.c.StandardService - Starting service [Tomcat]
20:09:28.782 INFO  o.a.c.c.StandardEngine - Starting Servlet engine: [Apache Tomcat/9.0.41]
20:09:29.018 INFO  o.a.c.c.C.[.[.[/api/password/v1/validation] - Initializing Spring embedded WebApplicationContext
20:09:29.019 INFO  o.s.b.w.s.c.ServletWebServerApplicationContext - Root WebApplicationContext: initialization completed in 5100 ms
20:09:29.620 INFO  o.s.s.c.ThreadPoolTaskExecutor - Initializing ExecutorService 'applicationTaskExecutor'
20:09:30.353 INFO  o.a.c.h.Http11NioProtocol - Starting ProtocolHandler ["http-nio-80"]
20:09:30.436 INFO  o.s.b.w.e.t.TomcatWebServer - Tomcat started on port(s): 80 (http) with context path '/api/password/v1/validation'
20:09:30.475 INFO  b.c.p.v.Application - Started Application in 8.924 seconds (JVM running for 12.964)
20:10:03.989 INFO  o.a.c.c.C.[.[.[/api/password/v1/validation] - Initializing Spring DispatcherServlet 'dispatcherServlet'
20:10:03.990 INFO  o.s.w.s.DispatcherServlet - Initializing Servlet 'dispatcherServlet'
20:10:03.994 INFO  o.s.w.s.DispatcherServlet - Completed initialization in 4 ms
20:10:04.121 INFO  b.c.p.v.c.PasswordController - Senha recebida : AbTp9!fok
20:10:04.137 INFO  b.c.p.v.c.PasswordController - 1 - Tem tamanho mínimo: true
20:10:04.139 INFO  b.c.p.v.c.PasswordController - 2 - Não tem espaço: true
20:10:04.140 INFO  b.c.p.v.c.PasswordController - 3 - Tem caracter especial: true
20:10:04.140 INFO  b.c.p.v.c.PasswordController - 4 - Tem número: true
20:10:04.141 INFO  b.c.p.v.c.PasswordController - 5 - Tem letra: true
20:10:04.142 INFO  b.c.p.v.c.PasswordController - 6 - Tem letra maiuscula: true
20:10:04.143 INFO  b.c.p.v.c.PasswordController - 7 - Tem letra minuscula: true
20:10:04.144 INFO  b.c.p.v.c.PasswordController - 8 - Não tem caracter repetido: true
20:10:12.444 INFO  b.c.p.v.c.PasswordController - Senha recebida : A
20:10:12.444 INFO  b.c.p.v.c.PasswordController - 1 - Tem tamanho mínimo: false
10:00:33.412 INFO  o.s.b.t.c.SpringBootTestContextBootstrapper - Neither @ContextConfiguration nor @ContextHierarchy found for test class [br.com.password.validation.ApplicationTests], using SpringBootContextLoader
10:00:33.435 INFO  o.s.t.c.s.AbstractContextLoader - Could not detect default resource locations for test class [br.com.password.validation.ApplicationTests]: no resource found for suffixes {-context.xml, Context.groovy}.
10:00:33.438 INFO  o.s.t.c.s.AnnotationConfigContextLoaderUtils - Could not detect default configuration classes for test class [br.com.password.validation.ApplicationTests]: ApplicationTests does not declare any static, non-private, non-final, nested classes annotated with @Configuration.
10:00:33.880 INFO  o.s.b.t.c.SpringBootTestContextBootstrapper - Found @SpringBootConfiguration br.com.password.validation.Application for test class br.com.password.validation.ApplicationTests
10:00:34.352 INFO  o.s.b.t.c.SpringBootTestContextBootstrapper - Loaded default TestExecutionListener class names from location [META-INF/spring.factories]: [org.springframework.boot.test.mock.mockito.MockitoTestExecutionListener, org.springframework.boot.test.mock.mockito.ResetMocksTestExecutionListener, org.springframework.boot.test.autoconfigure.restdocs.RestDocsTestExecutionListener, org.springframework.boot.test.autoconfigure.web.client.MockRestServiceServerResetTestExecutionListener, org.springframework.boot.test.autoconfigure.web.servlet.MockMvcPrintOnlyOnFailureTestExecutionListener, org.springframework.boot.test.autoconfigure.web.servlet.WebDriverTestExecutionListener, org.springframework.boot.test.autoconfigure.webservices.client.MockWebServiceServerTestExecutionListener, org.springframework.test.context.web.ServletTestExecutionListener, org.springframework.test.context.support.DirtiesContextBeforeModesTestExecutionListener, org.springframework.test.context.support.DependencyInjectionTestExecutionListener, org.springframework.test.context.support.DirtiesContextTestExecutionListener, org.springframework.test.context.transaction.TransactionalTestExecutionListener, org.springframework.test.context.jdbc.SqlScriptsTestExecutionListener, org.springframework.test.context.event.EventPublishingTestExecutionListener]
10:00:34.403 INFO  o.s.b.t.c.SpringBootTestContextBootstrapper - Using TestExecutionListeners: [org.springframework.test.context.web.ServletTestExecutionListener@77cf3f8b, org.springframework.test.context.support.DirtiesContextBeforeModesTestExecutionListener@1df98368, org.springframework.boot.test.mock.mockito.MockitoTestExecutionListener@21ca139c, org.springframework.boot.test.autoconfigure.SpringBootDependencyInjectionTestExecutionListener@226f885f, org.springframework.test.context.support.DirtiesContextTestExecutionListener@2cd2c8fe, org.springframework.test.context.event.EventPublishingTestExecutionListener@7d61eccf, org.springframework.boot.test.mock.mockito.ResetMocksTestExecutionListener@cc6460c, org.springframework.boot.test.autoconfigure.restdocs.RestDocsTestExecutionListener@52350abb, org.springframework.boot.test.autoconfigure.web.client.MockRestServiceServerResetTestExecutionListener@681aad3b, org.springframework.boot.test.autoconfigure.web.servlet.MockMvcPrintOnlyOnFailureTestExecutionListener@1a6f2363, org.springframework.boot.test.autoconfigure.web.servlet.WebDriverTestExecutionListener@2427e004, org.springframework.boot.test.autoconfigure.webservices.client.MockWebServiceServerTestExecutionListener@5ebd56e9]
10:00:35.952 INFO  b.c.p.v.ApplicationTests - Starting ApplicationTests using Java 11.0.9 on DESKTOP-7O46H65 with PID 15004 (started by Asus in C:\Users\Asus\Documents\Anderson\Workspaces\GitHub\passwordValidationApi\password-validation-api)
10:00:35.966 INFO  b.c.p.v.ApplicationTests - No active profile set, falling back to default profiles: default
10:00:40.779 INFO  o.s.s.c.ThreadPoolTaskExecutor - Initializing ExecutorService 'applicationTaskExecutor'
10:00:42.063 INFO  b.c.p.v.ApplicationTests - Started ApplicationTests in 7.456 seconds (JVM running for 12.49)
10:00:45.912 INFO  o.s.s.c.ThreadPoolTaskExecutor - Shutting down ExecutorService 'applicationTaskExecutor'
10:01:59.272 INFO  o.s.b.t.c.SpringBootTestContextBootstrapper - Neither @ContextConfiguration nor @ContextHierarchy found for test class [br.com.password.validation.ApplicationTests], using SpringBootContextLoader
10:01:59.294 INFO  o.s.t.c.s.AbstractContextLoader - Could not detect default resource locations for test class [br.com.password.validation.ApplicationTests]: no resource found for suffixes {-context.xml, Context.groovy}.
10:01:59.298 INFO  o.s.t.c.s.AnnotationConfigContextLoaderUtils - Could not detect default configuration classes for test class [br.com.password.validation.ApplicationTests]: ApplicationTests does not declare any static, non-private, non-final, nested classes annotated with @Configuration.
10:01:59.835 INFO  o.s.b.t.c.SpringBootTestContextBootstrapper - Found @SpringBootConfiguration br.com.password.validation.Application for test class br.com.password.validation.ApplicationTests
10:02:00.408 INFO  o.s.b.t.c.SpringBootTestContextBootstrapper - Loaded default TestExecutionListener class names from location [META-INF/spring.factories]: [org.springframework.boot.test.mock.mockito.MockitoTestExecutionListener, org.springframework.boot.test.mock.mockito.ResetMocksTestExecutionListener, org.springframework.boot.test.autoconfigure.restdocs.RestDocsTestExecutionListener, org.springframework.boot.test.autoconfigure.web.client.MockRestServiceServerResetTestExecutionListener, org.springframework.boot.test.autoconfigure.web.servlet.MockMvcPrintOnlyOnFailureTestExecutionListener, org.springframework.boot.test.autoconfigure.web.servlet.WebDriverTestExecutionListener, org.springframework.boot.test.autoconfigure.webservices.client.MockWebServiceServerTestExecutionListener, org.springframework.test.context.web.ServletTestExecutionListener, org.springframework.test.context.support.DirtiesContextBeforeModesTestExecutionListener, org.springframework.test.context.support.DependencyInjectionTestExecutionListener, org.springframework.test.context.support.DirtiesContextTestExecutionListener, org.springframework.test.context.transaction.TransactionalTestExecutionListener, org.springframework.test.context.jdbc.SqlScriptsTestExecutionListener, org.springframework.test.context.event.EventPublishingTestExecutionListener]
10:02:00.450 INFO  o.s.b.t.c.SpringBootTestContextBootstrapper - Using TestExecutionListeners: [org.springframework.test.context.web.ServletTestExecutionListener@77cf3f8b, org.springframework.test.context.support.DirtiesContextBeforeModesTestExecutionListener@1df98368, org.springframework.boot.test.mock.mockito.MockitoTestExecutionListener@21ca139c, org.springframework.boot.test.autoconfigure.SpringBootDependencyInjectionTestExecutionListener@226f885f, org.springframework.test.context.support.DirtiesContextTestExecutionListener@2cd2c8fe, org.springframework.test.context.event.EventPublishingTestExecutionListener@7d61eccf, org.springframework.boot.test.mock.mockito.ResetMocksTestExecutionListener@cc6460c, org.springframework.boot.test.autoconfigure.restdocs.RestDocsTestExecutionListener@52350abb, org.springframework.boot.test.autoconfigure.web.client.MockRestServiceServerResetTestExecutionListener@681aad3b, org.springframework.boot.test.autoconfigure.web.servlet.MockMvcPrintOnlyOnFailureTestExecutionListener@1a6f2363, org.springframework.boot.test.autoconfigure.web.servlet.WebDriverTestExecutionListener@2427e004, org.springframework.boot.test.autoconfigure.webservices.client.MockWebServiceServerTestExecutionListener@5ebd56e9]
10:02:02.195 INFO  b.c.p.v.ApplicationTests - Starting ApplicationTests using Java 11.0.9 on DESKTOP-7O46H65 with PID 14888 (started by Asus in C:\Users\Asus\Documents\Anderson\Workspaces\GitHub\passwordValidationApi\password-validation-api)
10:02:02.205 INFO  b.c.p.v.ApplicationTests - No active profile set, falling back to default profiles: default
10:02:07.099 INFO  o.s.s.c.ThreadPoolTaskExecutor - Initializing ExecutorService 'applicationTaskExecutor'
10:02:08.292 INFO  b.c.p.v.ApplicationTests - Started ApplicationTests in 7.682 seconds (JVM running for 12.394)
10:02:12.499 INFO  o.s.s.c.ThreadPoolTaskExecutor - Shutting down ExecutorService 'applicationTaskExecutor'
10:03:08.523 INFO  o.s.b.t.c.SpringBootTestContextBootstrapper - Neither @ContextConfiguration nor @ContextHierarchy found for test class [br.com.password.validation.ApplicationTests], using SpringBootContextLoader
10:03:08.550 INFO  o.s.t.c.s.AbstractContextLoader - Could not detect default resource locations for test class [br.com.password.validation.ApplicationTests]: no resource found for suffixes {-context.xml, Context.groovy}.
10:03:08.555 INFO  o.s.t.c.s.AnnotationConfigContextLoaderUtils - Could not detect default configuration classes for test class [br.com.password.validation.ApplicationTests]: ApplicationTests does not declare any static, non-private, non-final, nested classes annotated with @Configuration.
10:03:09.113 INFO  o.s.b.t.c.SpringBootTestContextBootstrapper - Found @SpringBootConfiguration br.com.password.validation.Application for test class br.com.password.validation.ApplicationTests
10:03:09.535 INFO  o.s.b.t.c.SpringBootTestContextBootstrapper - Loaded default TestExecutionListener class names from location [META-INF/spring.factories]: [org.springframework.boot.test.mock.mockito.MockitoTestExecutionListener, org.springframework.boot.test.mock.mockito.ResetMocksTestExecutionListener, org.springframework.boot.test.autoconfigure.restdocs.RestDocsTestExecutionListener, org.springframework.boot.test.autoconfigure.web.client.MockRestServiceServerResetTestExecutionListener, org.springframework.boot.test.autoconfigure.web.servlet.MockMvcPrintOnlyOnFailureTestExecutionListener, org.springframework.boot.test.autoconfigure.web.servlet.WebDriverTestExecutionListener, org.springframework.boot.test.autoconfigure.webservices.client.MockWebServiceServerTestExecutionListener, org.springframework.test.context.web.ServletTestExecutionListener, org.springframework.test.context.support.DirtiesContextBeforeModesTestExecutionListener, org.springframework.test.context.support.DependencyInjectionTestExecutionListener, org.springframework.test.context.support.DirtiesContextTestExecutionListener, org.springframework.test.context.transaction.TransactionalTestExecutionListener, org.springframework.test.context.jdbc.SqlScriptsTestExecutionListener, org.springframework.test.context.event.EventPublishingTestExecutionListener]
10:03:09.574 INFO  o.s.b.t.c.SpringBootTestContextBootstrapper - Using TestExecutionListeners: [org.springframework.test.context.web.ServletTestExecutionListener@200a26bc, org.springframework.test.context.support.DirtiesContextBeforeModesTestExecutionListener@bc57b40, org.springframework.boot.test.mock.mockito.MockitoTestExecutionListener@1b5bc39d, org.springframework.boot.test.autoconfigure.SpringBootDependencyInjectionTestExecutionListener@655a5d9c, org.springframework.test.context.support.DirtiesContextTestExecutionListener@1494b84d, org.springframework.test.context.event.EventPublishingTestExecutionListener@34abdee4, org.springframework.boot.test.mock.mockito.ResetMocksTestExecutionListener@71a9b4c7, org.springframework.boot.test.autoconfigure.restdocs.RestDocsTestExecutionListener@4628b1d3, org.springframework.boot.test.autoconfigure.web.client.MockRestServiceServerResetTestExecutionListener@77cf3f8b, org.springframework.boot.test.autoconfigure.web.servlet.MockMvcPrintOnlyOnFailureTestExecutionListener@1df98368, org.springframework.boot.test.autoconfigure.web.servlet.WebDriverTestExecutionListener@21ca139c, org.springframework.boot.test.autoconfigure.webservices.client.MockWebServiceServerTestExecutionListener@226f885f]
10:03:11.081 INFO  b.c.p.v.ApplicationTests - Starting ApplicationTests using Java 11.0.9 on DESKTOP-7O46H65 with PID 13784 (started by Asus in C:\Users\Asus\Documents\Anderson\Workspaces\GitHub\passwordValidationApi\password-validation-api)
10:03:11.090 INFO  b.c.p.v.ApplicationTests - No active profile set, falling back to default profiles: default
10:03:17.559 INFO  o.s.s.c.ThreadPoolTaskExecutor - Initializing ExecutorService 'applicationTaskExecutor'
10:03:18.615 INFO  b.c.p.v.ApplicationTests - Started ApplicationTests in 8.904 seconds (JVM running for 13.42)
10:03:22.143 INFO  o.s.s.c.ThreadPoolTaskExecutor - Shutting down ExecutorService 'applicationTaskExecutor'
10:04:31.847 INFO  o.s.b.t.c.SpringBootTestContextBootstrapper - Neither @ContextConfiguration nor @ContextHierarchy found for test class [br.com.password.validation.ApplicationTests], using SpringBootContextLoader
10:04:31.870 INFO  o.s.t.c.s.AbstractContextLoader - Could not detect default resource locations for test class [br.com.password.validation.ApplicationTests]: no resource found for suffixes {-context.xml, Context.groovy}.
10:04:31.873 INFO  o.s.t.c.s.AnnotationConfigContextLoaderUtils - Could not detect default configuration classes for test class [br.com.password.validation.ApplicationTests]: ApplicationTests does not declare any static, non-private, non-final, nested classes annotated with @Configuration.
10:04:32.424 INFO  o.s.b.t.c.SpringBootTestContextBootstrapper - Found @SpringBootConfiguration br.com.password.validation.Application for test class br.com.password.validation.ApplicationTests
10:04:32.880 INFO  o.s.b.t.c.SpringBootTestContextBootstrapper - Loaded default TestExecutionListener class names from location [META-INF/spring.factories]: [org.springframework.boot.test.mock.mockito.MockitoTestExecutionListener, org.springframework.boot.test.mock.mockito.ResetMocksTestExecutionListener, org.springframework.boot.test.autoconfigure.restdocs.RestDocsTestExecutionListener, org.springframework.boot.test.autoconfigure.web.client.MockRestServiceServerResetTestExecutionListener, org.springframework.boot.test.autoconfigure.web.servlet.MockMvcPrintOnlyOnFailureTestExecutionListener, org.springframework.boot.test.autoconfigure.web.servlet.WebDriverTestExecutionListener, org.springframework.boot.test.autoconfigure.webservices.client.MockWebServiceServerTestExecutionListener, org.springframework.test.context.web.ServletTestExecutionListener, org.springframework.test.context.support.DirtiesContextBeforeModesTestExecutionListener, org.springframework.test.context.support.DependencyInjectionTestExecutionListener, org.springframework.test.context.support.DirtiesContextTestExecutionListener, org.springframework.test.context.transaction.TransactionalTestExecutionListener, org.springframework.test.context.jdbc.SqlScriptsTestExecutionListener, org.springframework.test.context.event.EventPublishingTestExecutionListener]
10:04:32.914 INFO  o.s.b.t.c.SpringBootTestContextBootstrapper - Using TestExecutionListeners: [org.springframework.test.context.web.ServletTestExecutionListener@655a5d9c, org.springframework.test.context.support.DirtiesContextBeforeModesTestExecutionListener@1494b84d, org.springframework.boot.test.mock.mockito.MockitoTestExecutionListener@34abdee4, org.springframework.boot.test.autoconfigure.SpringBootDependencyInjectionTestExecutionListener@71a9b4c7, org.springframework.test.context.support.DirtiesContextTestExecutionListener@4628b1d3, org.springframework.test.context.event.EventPublishingTestExecutionListener@77cf3f8b, org.springframework.boot.test.mock.mockito.ResetMocksTestExecutionListener@1df98368, org.springframework.boot.test.autoconfigure.restdocs.RestDocsTestExecutionListener@21ca139c, org.springframework.boot.test.autoconfigure.web.client.MockRestServiceServerResetTestExecutionListener@226f885f, org.springframework.boot.test.autoconfigure.web.servlet.MockMvcPrintOnlyOnFailureTestExecutionListener@2cd2c8fe, org.springframework.boot.test.autoconfigure.web.servlet.WebDriverTestExecutionListener@7d61eccf, org.springframework.boot.test.autoconfigure.webservices.client.MockWebServiceServerTestExecutionListener@cc6460c]
10:04:34.212 INFO  b.c.p.v.ApplicationTests - Starting ApplicationTests using Java 11.0.9 on DESKTOP-7O46H65 with PID 4492 (started by Asus in C:\Users\Asus\Documents\Anderson\Workspaces\GitHub\passwordValidationApi\password-validation-api)
10:04:34.224 INFO  b.c.p.v.ApplicationTests - No active profile set, falling back to default profiles: default
10:04:38.826 INFO  o.s.s.c.ThreadPoolTaskExecutor - Initializing ExecutorService 'applicationTaskExecutor'
10:04:40.159 INFO  b.c.p.v.ApplicationTests - Started ApplicationTests in 7.099 seconds (JVM running for 11.877)
10:15:22.977 INFO  o.s.b.t.c.SpringBootTestContextBootstrapper - Neither @ContextConfiguration nor @ContextHierarchy found for test class [br.com.password.validation.ApplicationTests], using SpringBootContextLoader
10:15:23.045 INFO  o.s.t.c.s.AbstractContextLoader - Could not detect default resource locations for test class [br.com.password.validation.ApplicationTests]: no resource found for suffixes {-context.xml, Context.groovy}.
10:15:23.051 INFO  o.s.t.c.s.AnnotationConfigContextLoaderUtils - Could not detect default configuration classes for test class [br.com.password.validation.ApplicationTests]: ApplicationTests does not declare any static, non-private, non-final, nested classes annotated with @Configuration.
10:15:23.569 INFO  o.s.b.t.c.SpringBootTestContextBootstrapper - Found @SpringBootConfiguration br.com.password.validation.Application for test class br.com.password.validation.ApplicationTests
10:15:23.986 INFO  o.s.b.t.c.SpringBootTestContextBootstrapper - Loaded default TestExecutionListener class names from location [META-INF/spring.factories]: [org.springframework.boot.test.mock.mockito.MockitoTestExecutionListener, org.springframework.boot.test.mock.mockito.ResetMocksTestExecutionListener, org.springframework.boot.test.autoconfigure.restdocs.RestDocsTestExecutionListener, org.springframework.boot.test.autoconfigure.web.client.MockRestServiceServerResetTestExecutionListener, org.springframework.boot.test.autoconfigure.web.servlet.MockMvcPrintOnlyOnFailureTestExecutionListener, org.springframework.boot.test.autoconfigure.web.servlet.WebDriverTestExecutionListener, org.springframework.boot.test.autoconfigure.webservices.client.MockWebServiceServerTestExecutionListener, org.springframework.test.context.web.ServletTestExecutionListener, org.springframework.test.context.support.DirtiesContextBeforeModesTestExecutionListener, org.springframework.test.context.support.DependencyInjectionTestExecutionListener, org.springframework.test.context.support.DirtiesContextTestExecutionListener, org.springframework.test.context.transaction.TransactionalTestExecutionListener, org.springframework.test.context.jdbc.SqlScriptsTestExecutionListener, org.springframework.test.context.event.EventPublishingTestExecutionListener]
10:15:24.029 INFO  o.s.b.t.c.SpringBootTestContextBootstrapper - Using TestExecutionListeners: [org.springframework.test.context.web.ServletTestExecutionListener@655a5d9c, org.springframework.test.context.support.DirtiesContextBeforeModesTestExecutionListener@1494b84d, org.springframework.boot.test.mock.mockito.MockitoTestExecutionListener@34abdee4, org.springframework.boot.test.autoconfigure.SpringBootDependencyInjectionTestExecutionListener@71a9b4c7, org.springframework.test.context.support.DirtiesContextTestExecutionListener@4628b1d3, org.springframework.test.context.event.EventPublishingTestExecutionListener@77cf3f8b, org.springframework.boot.test.mock.mockito.ResetMocksTestExecutionListener@1df98368, org.springframework.boot.test.autoconfigure.restdocs.RestDocsTestExecutionListener@21ca139c, org.springframework.boot.test.autoconfigure.web.client.MockRestServiceServerResetTestExecutionListener@226f885f, org.springframework.boot.test.autoconfigure.web.servlet.MockMvcPrintOnlyOnFailureTestExecutionListener@2cd2c8fe, org.springframework.boot.test.autoconfigure.web.servlet.WebDriverTestExecutionListener@7d61eccf, org.springframework.boot.test.autoconfigure.webservices.client.MockWebServiceServerTestExecutionListener@cc6460c]
10:15:25.532 INFO  b.c.p.v.ApplicationTests - Starting ApplicationTests using Java 11.0.9 on DESKTOP-7O46H65 with PID 12788 (started by Asus in C:\Users\Asus\Documents\Anderson\Workspaces\GitHub\passwordValidationApi\password-validation-api)
10:15:25.539 INFO  b.c.p.v.ApplicationTests - No active profile set, falling back to default profiles: default
10:15:29.774 INFO  o.s.s.c.ThreadPoolTaskExecutor - Initializing ExecutorService 'applicationTaskExecutor'
10:15:31.074 INFO  b.c.p.v.ApplicationTests - Started ApplicationTests in 6.881 seconds (JVM running for 12.733)
10:15:35.458 INFO  o.s.s.c.ThreadPoolTaskExecutor - Shutting down ExecutorService 'applicationTaskExecutor'
10:16:10.941 INFO  o.s.b.t.c.SpringBootTestContextBootstrapper - Neither @ContextConfiguration nor @ContextHierarchy found for test class [br.com.password.validation.ApplicationTests], using SpringBootContextLoader
10:16:10.962 INFO  o.s.t.c.s.AbstractContextLoader - Could not detect default resource locations for test class [br.com.password.validation.ApplicationTests]: no resource found for suffixes {-context.xml, Context.groovy}.
10:16:10.965 INFO  o.s.t.c.s.AnnotationConfigContextLoaderUtils - Could not detect default configuration classes for test class [br.com.password.validation.ApplicationTests]: ApplicationTests does not declare any static, non-private, non-final, nested classes annotated with @Configuration.
10:16:11.525 INFO  o.s.b.t.c.SpringBootTestContextBootstrapper - Found @SpringBootConfiguration br.com.password.validation.Application for test class br.com.password.validation.ApplicationTests
10:16:11.894 INFO  o.s.b.t.c.SpringBootTestContextBootstrapper - Loaded default TestExecutionListener class names from location [META-INF/spring.factories]: [org.springframework.boot.test.mock.mockito.MockitoTestExecutionListener, org.springframework.boot.test.mock.mockito.ResetMocksTestExecutionListener, org.springframework.boot.test.autoconfigure.restdocs.RestDocsTestExecutionListener, org.springframework.boot.test.autoconfigure.web.client.MockRestServiceServerResetTestExecutionListener, org.springframework.boot.test.autoconfigure.web.servlet.MockMvcPrintOnlyOnFailureTestExecutionListener, org.springframework.boot.test.autoconfigure.web.servlet.WebDriverTestExecutionListener, org.springframework.boot.test.autoconfigure.webservices.client.MockWebServiceServerTestExecutionListener, org.springframework.test.context.web.ServletTestExecutionListener, org.springframework.test.context.support.DirtiesContextBeforeModesTestExecutionListener, org.springframework.test.context.support.DependencyInjectionTestExecutionListener, org.springframework.test.context.support.DirtiesContextTestExecutionListener, org.springframework.test.context.transaction.TransactionalTestExecutionListener, org.springframework.test.context.jdbc.SqlScriptsTestExecutionListener, org.springframework.test.context.event.EventPublishingTestExecutionListener]
10:16:11.931 INFO  o.s.b.t.c.SpringBootTestContextBootstrapper - Using TestExecutionListeners: [org.springframework.test.context.web.ServletTestExecutionListener@71a9b4c7, org.springframework.test.context.support.DirtiesContextBeforeModesTestExecutionListener@4628b1d3, org.springframework.boot.test.mock.mockito.MockitoTestExecutionListener@77cf3f8b, org.springframework.boot.test.autoconfigure.SpringBootDependencyInjectionTestExecutionListener@1df98368, org.springframework.test.context.support.DirtiesContextTestExecutionListener@21ca139c, org.springframework.test.context.event.EventPublishingTestExecutionListener@226f885f, org.springframework.boot.test.mock.mockito.ResetMocksTestExecutionListener@2cd2c8fe, org.springframework.boot.test.autoconfigure.restdocs.RestDocsTestExecutionListener@7d61eccf, org.springframework.boot.test.autoconfigure.web.client.MockRestServiceServerResetTestExecutionListener@cc6460c, org.springframework.boot.test.autoconfigure.web.servlet.MockMvcPrintOnlyOnFailureTestExecutionListener@52350abb, org.springframework.boot.test.autoconfigure.web.servlet.WebDriverTestExecutionListener@681aad3b, org.springframework.boot.test.autoconfigure.webservices.client.MockWebServiceServerTestExecutionListener@1a6f2363]
10:16:13.255 INFO  b.c.p.v.ApplicationTests - Starting ApplicationTests using Java 11.0.9 on DESKTOP-7O46H65 with PID 15036 (started by Asus in C:\Users\Asus\Documents\Anderson\Workspaces\GitHub\passwordValidationApi\password-validation-api)
10:16:13.266 INFO  b.c.p.v.ApplicationTests - No active profile set, falling back to default profiles: default
10:16:17.439 INFO  o.s.s.c.ThreadPoolTaskExecutor - Initializing ExecutorService 'applicationTaskExecutor'
10:16:18.527 INFO  b.c.p.v.ApplicationTests - Started ApplicationTests in 6.406 seconds (JVM running for 10.903)
10:16:21.829 INFO  o.s.s.c.ThreadPoolTaskExecutor - Shutting down ExecutorService 'applicationTaskExecutor'
10:17:34.679 INFO  o.s.b.t.c.SpringBootTestContextBootstrapper - Neither @ContextConfiguration nor @ContextHierarchy found for test class [br.com.password.validation.ApplicationTests], using SpringBootContextLoader
10:17:34.700 INFO  o.s.t.c.s.AbstractContextLoader - Could not detect default resource locations for test class [br.com.password.validation.ApplicationTests]: no resource found for suffixes {-context.xml, Context.groovy}.
10:17:34.703 INFO  o.s.t.c.s.AnnotationConfigContextLoaderUtils - Could not detect default configuration classes for test class [br.com.password.validation.ApplicationTests]: ApplicationTests does not declare any static, non-private, non-final, nested classes annotated with @Configuration.
10:17:35.186 INFO  o.s.b.t.c.SpringBootTestContextBootstrapper - Found @SpringBootConfiguration br.com.password.validation.Application for test class br.com.password.validation.ApplicationTests
10:17:35.590 INFO  o.s.b.t.c.SpringBootTestContextBootstrapper - Loaded default TestExecutionListener class names from location [META-INF/spring.factories]: [org.springframework.boot.test.mock.mockito.MockitoTestExecutionListener, org.springframework.boot.test.mock.mockito.ResetMocksTestExecutionListener, org.springframework.boot.test.autoconfigure.restdocs.RestDocsTestExecutionListener, org.springframework.boot.test.autoconfigure.web.client.MockRestServiceServerResetTestExecutionListener, org.springframework.boot.test.autoconfigure.web.servlet.MockMvcPrintOnlyOnFailureTestExecutionListener, org.springframework.boot.test.autoconfigure.web.servlet.WebDriverTestExecutionListener, org.springframework.boot.test.autoconfigure.webservices.client.MockWebServiceServerTestExecutionListener, org.springframework.test.context.web.ServletTestExecutionListener, org.springframework.test.context.support.DirtiesContextBeforeModesTestExecutionListener, org.springframework.test.context.support.DependencyInjectionTestExecutionListener, org.springframework.test.context.support.DirtiesContextTestExecutionListener, org.springframework.test.context.transaction.TransactionalTestExecutionListener, org.springframework.test.context.jdbc.SqlScriptsTestExecutionListener, org.springframework.test.context.event.EventPublishingTestExecutionListener]
10:17:35.628 INFO  o.s.b.t.c.SpringBootTestContextBootstrapper - Using TestExecutionListeners: [org.springframework.test.context.web.ServletTestExecutionListener@71a9b4c7, org.springframework.test.context.support.DirtiesContextBeforeModesTestExecutionListener@4628b1d3, org.springframework.boot.test.mock.mockito.MockitoTestExecutionListener@77cf3f8b, org.springframework.boot.test.autoconfigure.SpringBootDependencyInjectionTestExecutionListener@1df98368, org.springframework.test.context.support.DirtiesContextTestExecutionListener@21ca139c, org.springframework.test.context.event.EventPublishingTestExecutionListener@226f885f, org.springframework.boot.test.mock.mockito.ResetMocksTestExecutionListener@2cd2c8fe, org.springframework.boot.test.autoconfigure.restdocs.RestDocsTestExecutionListener@7d61eccf, org.springframework.boot.test.autoconfigure.web.client.MockRestServiceServerResetTestExecutionListener@cc6460c, org.springframework.boot.test.autoconfigure.web.servlet.MockMvcPrintOnlyOnFailureTestExecutionListener@52350abb, org.springframework.boot.test.autoconfigure.web.servlet.WebDriverTestExecutionListener@681aad3b, org.springframework.boot.test.autoconfigure.webservices.client.MockWebServiceServerTestExecutionListener@1a6f2363]
10:17:36.951 INFO  b.c.p.v.ApplicationTests - Starting ApplicationTests using Java 11.0.9 on DESKTOP-7O46H65 with PID 14860 (started by Asus in C:\Users\Asus\Documents\Anderson\Workspaces\GitHub\passwordValidationApi\password-validation-api)
10:17:36.962 INFO  b.c.p.v.ApplicationTests - No active profile set, falling back to default profiles: default
10:17:41.500 INFO  o.s.s.c.ThreadPoolTaskExecutor - Initializing ExecutorService 'applicationTaskExecutor'
10:17:42.785 INFO  b.c.p.v.ApplicationTests - Started ApplicationTests in 6.991 seconds (JVM running for 11.495)
10:17:46.822 INFO  o.s.s.c.ThreadPoolTaskExecutor - Shutting down ExecutorService 'applicationTaskExecutor'
10:18:15.101 INFO  o.s.b.t.c.SpringBootTestContextBootstrapper - Neither @ContextConfiguration nor @ContextHierarchy found for test class [br.com.password.validation.ApplicationTests], using SpringBootContextLoader
10:18:15.124 INFO  o.s.t.c.s.AbstractContextLoader - Could not detect default resource locations for test class [br.com.password.validation.ApplicationTests]: no resource found for suffixes {-context.xml, Context.groovy}.
10:18:15.127 INFO  o.s.t.c.s.AnnotationConfigContextLoaderUtils - Could not detect default configuration classes for test class [br.com.password.validation.ApplicationTests]: ApplicationTests does not declare any static, non-private, non-final, nested classes annotated with @Configuration.
10:18:15.602 INFO  o.s.b.t.c.SpringBootTestContextBootstrapper - Found @SpringBootConfiguration br.com.password.validation.Application for test class br.com.password.validation.ApplicationTests
10:18:15.981 INFO  o.s.b.t.c.SpringBootTestContextBootstrapper - Loaded default TestExecutionListener class names from location [META-INF/spring.factories]: [org.springframework.boot.test.mock.mockito.MockitoTestExecutionListener, org.springframework.boot.test.mock.mockito.ResetMocksTestExecutionListener, org.springframework.boot.test.autoconfigure.restdocs.RestDocsTestExecutionListener, org.springframework.boot.test.autoconfigure.web.client.MockRestServiceServerResetTestExecutionListener, org.springframework.boot.test.autoconfigure.web.servlet.MockMvcPrintOnlyOnFailureTestExecutionListener, org.springframework.boot.test.autoconfigure.web.servlet.WebDriverTestExecutionListener, org.springframework.boot.test.autoconfigure.webservices.client.MockWebServiceServerTestExecutionListener, org.springframework.test.context.web.ServletTestExecutionListener, org.springframework.test.context.support.DirtiesContextBeforeModesTestExecutionListener, org.springframework.test.context.support.DependencyInjectionTestExecutionListener, org.springframework.test.context.support.DirtiesContextTestExecutionListener, org.springframework.test.context.transaction.TransactionalTestExecutionListener, org.springframework.test.context.jdbc.SqlScriptsTestExecutionListener, org.springframework.test.context.event.EventPublishingTestExecutionListener]
10:18:16.031 INFO  o.s.b.t.c.SpringBootTestContextBootstrapper - Using TestExecutionListeners: [org.springframework.test.context.web.ServletTestExecutionListener@71a9b4c7, org.springframework.test.context.support.DirtiesContextBeforeModesTestExecutionListener@4628b1d3, org.springframework.boot.test.mock.mockito.MockitoTestExecutionListener@77cf3f8b, org.springframework.boot.test.autoconfigure.SpringBootDependencyInjectionTestExecutionListener@1df98368, org.springframework.test.context.support.DirtiesContextTestExecutionListener@21ca139c, org.springframework.test.context.event.EventPublishingTestExecutionListener@226f885f, org.springframework.boot.test.mock.mockito.ResetMocksTestExecutionListener@2cd2c8fe, org.springframework.boot.test.autoconfigure.restdocs.RestDocsTestExecutionListener@7d61eccf, org.springframework.boot.test.autoconfigure.web.client.MockRestServiceServerResetTestExecutionListener@cc6460c, org.springframework.boot.test.autoconfigure.web.servlet.MockMvcPrintOnlyOnFailureTestExecutionListener@52350abb, org.springframework.boot.test.autoconfigure.web.servlet.WebDriverTestExecutionListener@681aad3b, org.springframework.boot.test.autoconfigure.webservices.client.MockWebServiceServerTestExecutionListener@1a6f2363]
10:18:17.399 INFO  b.c.p.v.ApplicationTests - Starting ApplicationTests using Java 11.0.9 on DESKTOP-7O46H65 with PID 224 (started by Asus in C:\Users\Asus\Documents\Anderson\Workspaces\GitHub\passwordValidationApi\password-validation-api)
10:18:17.420 INFO  b.c.p.v.ApplicationTests - No active profile set, falling back to default profiles: default
10:18:21.924 INFO  o.s.s.c.ThreadPoolTaskExecutor - Initializing ExecutorService 'applicationTaskExecutor'
10:18:23.199 INFO  b.c.p.v.ApplicationTests - Started ApplicationTests in 6.979 seconds (JVM running for 11.431)
10:18:26.892 INFO  o.s.s.c.ThreadPoolTaskExecutor - Shutting down ExecutorService 'applicationTaskExecutor'
10:18:54.659 INFO  o.s.b.t.c.SpringBootTestContextBootstrapper - Neither @ContextConfiguration nor @ContextHierarchy found for test class [br.com.password.validation.ApplicationTests], using SpringBootContextLoader
10:18:54.686 INFO  o.s.t.c.s.AbstractContextLoader - Could not detect default resource locations for test class [br.com.password.validation.ApplicationTests]: no resource found for suffixes {-context.xml, Context.groovy}.
10:18:54.689 INFO  o.s.t.c.s.AnnotationConfigContextLoaderUtils - Could not detect default configuration classes for test class [br.com.password.validation.ApplicationTests]: ApplicationTests does not declare any static, non-private, non-final, nested classes annotated with @Configuration.
10:18:55.214 INFO  o.s.b.t.c.SpringBootTestContextBootstrapper - Found @SpringBootConfiguration br.com.password.validation.Application for test class br.com.password.validation.ApplicationTests
10:18:55.629 INFO  o.s.b.t.c.SpringBootTestContextBootstrapper - Loaded default TestExecutionListener class names from location [META-INF/spring.factories]: [org.springframework.boot.test.mock.mockito.MockitoTestExecutionListener, org.springframework.boot.test.mock.mockito.ResetMocksTestExecutionListener, org.springframework.boot.test.autoconfigure.restdocs.RestDocsTestExecutionListener, org.springframework.boot.test.autoconfigure.web.client.MockRestServiceServerResetTestExecutionListener, org.springframework.boot.test.autoconfigure.web.servlet.MockMvcPrintOnlyOnFailureTestExecutionListener, org.springframework.boot.test.autoconfigure.web.servlet.WebDriverTestExecutionListener, org.springframework.boot.test.autoconfigure.webservices.client.MockWebServiceServerTestExecutionListener, org.springframework.test.context.web.ServletTestExecutionListener, org.springframework.test.context.support.DirtiesContextBeforeModesTestExecutionListener, org.springframework.test.context.support.DependencyInjectionTestExecutionListener, org.springframework.test.context.support.DirtiesContextTestExecutionListener, org.springframework.test.context.transaction.TransactionalTestExecutionListener, org.springframework.test.context.jdbc.SqlScriptsTestExecutionListener, org.springframework.test.context.event.EventPublishingTestExecutionListener]
10:18:55.671 INFO  o.s.b.t.c.SpringBootTestContextBootstrapper - Using TestExecutionListeners: [org.springframework.test.context.web.ServletTestExecutionListener@71a9b4c7, org.springframework.test.context.support.DirtiesContextBeforeModesTestExecutionListener@4628b1d3, org.springframework.boot.test.mock.mockito.MockitoTestExecutionListener@77cf3f8b, org.springframework.boot.test.autoconfigure.SpringBootDependencyInjectionTestExecutionListener@1df98368, org.springframework.test.context.support.DirtiesContextTestExecutionListener@21ca139c, org.springframework.test.context.event.EventPublishingTestExecutionListener@226f885f, org.springframework.boot.test.mock.mockito.ResetMocksTestExecutionListener@2cd2c8fe, org.springframework.boot.test.autoconfigure.restdocs.RestDocsTestExecutionListener@7d61eccf, org.springframework.boot.test.autoconfigure.web.client.MockRestServiceServerResetTestExecutionListener@cc6460c, org.springframework.boot.test.autoconfigure.web.servlet.MockMvcPrintOnlyOnFailureTestExecutionListener@52350abb, org.springframework.boot.test.autoconfigure.web.servlet.WebDriverTestExecutionListener@681aad3b, org.springframework.boot.test.autoconfigure.webservices.client.MockWebServiceServerTestExecutionListener@1a6f2363]
10:18:56.955 INFO  b.c.p.v.ApplicationTests - Starting ApplicationTests using Java 11.0.9 on DESKTOP-7O46H65 with PID 13304 (started by Asus in C:\Users\Asus\Documents\Anderson\Workspaces\GitHub\passwordValidationApi\password-validation-api)
10:18:56.993 INFO  b.c.p.v.ApplicationTests - No active profile set, falling back to default profiles: default
10:19:01.617 INFO  o.s.s.c.ThreadPoolTaskExecutor - Initializing ExecutorService 'applicationTaskExecutor'
10:19:02.890 INFO  b.c.p.v.ApplicationTests - Started ApplicationTests in 7.055 seconds (JVM running for 11.712)
10:19:06.640 INFO  o.s.s.c.ThreadPoolTaskExecutor - Shutting down ExecutorService 'applicationTaskExecutor'
10:20:11.308 INFO  o.s.b.t.c.SpringBootTestContextBootstrapper - Neither @ContextConfiguration nor @ContextHierarchy found for test class [br.com.password.validation.ApplicationTests], using SpringBootContextLoader
10:20:11.330 INFO  o.s.t.c.s.AbstractContextLoader - Could not detect default resource locations for test class [br.com.password.validation.ApplicationTests]: no resource found for suffixes {-context.xml, Context.groovy}.
10:20:11.334 INFO  o.s.t.c.s.AnnotationConfigContextLoaderUtils - Could not detect default configuration classes for test class [br.com.password.validation.ApplicationTests]: ApplicationTests does not declare any static, non-private, non-final, nested classes annotated with @Configuration.
10:20:11.893 INFO  o.s.b.t.c.SpringBootTestContextBootstrapper - Found @SpringBootConfiguration br.com.password.validation.Application for test class br.com.password.validation.ApplicationTests
10:20:12.332 INFO  o.s.b.t.c.SpringBootTestContextBootstrapper - Loaded default TestExecutionListener class names from location [META-INF/spring.factories]: [org.springframework.boot.test.mock.mockito.MockitoTestExecutionListener, org.springframework.boot.test.mock.mockito.ResetMocksTestExecutionListener, org.springframework.boot.test.autoconfigure.restdocs.RestDocsTestExecutionListener, org.springframework.boot.test.autoconfigure.web.client.MockRestServiceServerResetTestExecutionListener, org.springframework.boot.test.autoconfigure.web.servlet.MockMvcPrintOnlyOnFailureTestExecutionListener, org.springframework.boot.test.autoconfigure.web.servlet.WebDriverTestExecutionListener, org.springframework.boot.test.autoconfigure.webservices.client.MockWebServiceServerTestExecutionListener, org.springframework.test.context.web.ServletTestExecutionListener, org.springframework.test.context.support.DirtiesContextBeforeModesTestExecutionListener, org.springframework.test.context.support.DependencyInjectionTestExecutionListener, org.springframework.test.context.support.DirtiesContextTestExecutionListener, org.springframework.test.context.transaction.TransactionalTestExecutionListener, org.springframework.test.context.jdbc.SqlScriptsTestExecutionListener, org.springframework.test.context.event.EventPublishingTestExecutionListener]
10:20:12.374 INFO  o.s.b.t.c.SpringBootTestContextBootstrapper - Using TestExecutionListeners: [org.springframework.test.context.web.ServletTestExecutionListener@71a9b4c7, org.springframework.test.context.support.DirtiesContextBeforeModesTestExecutionListener@4628b1d3, org.springframework.boot.test.mock.mockito.MockitoTestExecutionListener@77cf3f8b, org.springframework.boot.test.autoconfigure.SpringBootDependencyInjectionTestExecutionListener@1df98368, org.springframework.test.context.support.DirtiesContextTestExecutionListener@21ca139c, org.springframework.test.context.event.EventPublishingTestExecutionListener@226f885f, org.springframework.boot.test.mock.mockito.ResetMocksTestExecutionListener@2cd2c8fe, org.springframework.boot.test.autoconfigure.restdocs.RestDocsTestExecutionListener@7d61eccf, org.springframework.boot.test.autoconfigure.web.client.MockRestServiceServerResetTestExecutionListener@cc6460c, org.springframework.boot.test.autoconfigure.web.servlet.MockMvcPrintOnlyOnFailureTestExecutionListener@52350abb, org.springframework.boot.test.autoconfigure.web.servlet.WebDriverTestExecutionListener@681aad3b, org.springframework.boot.test.autoconfigure.webservices.client.MockWebServiceServerTestExecutionListener@1a6f2363]
10:20:13.880 INFO  b.c.p.v.ApplicationTests - Starting ApplicationTests using Java 11.0.9 on DESKTOP-7O46H65 with PID 10924 (started by Asus in C:\Users\Asus\Documents\Anderson\Workspaces\GitHub\passwordValidationApi\password-validation-api)
10:20:13.899 INFO  b.c.p.v.ApplicationTests - No active profile set, falling back to default profiles: default
10:20:18.850 INFO  o.s.s.c.ThreadPoolTaskExecutor - Initializing ExecutorService 'applicationTaskExecutor'
10:20:19.939 INFO  b.c.p.v.ApplicationTests - Started ApplicationTests in 7.412 seconds (JVM running for 12.272)
10:23:10.203 INFO  o.s.b.t.c.SpringBootTestContextBootstrapper - Neither @ContextConfiguration nor @ContextHierarchy found for test class [br.com.password.validation.ApplicationTests], using SpringBootContextLoader
10:23:10.224 INFO  o.s.t.c.s.AbstractContextLoader - Could not detect default resource locations for test class [br.com.password.validation.ApplicationTests]: no resource found for suffixes {-context.xml, Context.groovy}.
10:23:10.227 INFO  o.s.t.c.s.AnnotationConfigContextLoaderUtils - Could not detect default configuration classes for test class [br.com.password.validation.ApplicationTests]: ApplicationTests does not declare any static, non-private, non-final, nested classes annotated with @Configuration.
10:23:10.670 INFO  o.s.b.t.c.SpringBootTestContextBootstrapper - Found @SpringBootConfiguration br.com.password.validation.Application for test class br.com.password.validation.ApplicationTests
10:23:11.133 INFO  o.s.b.t.c.SpringBootTestContextBootstrapper - Loaded default TestExecutionListener class names from location [META-INF/spring.factories]: [org.springframework.boot.test.mock.mockito.MockitoTestExecutionListener, org.springframework.boot.test.mock.mockito.ResetMocksTestExecutionListener, org.springframework.boot.test.autoconfigure.restdocs.RestDocsTestExecutionListener, org.springframework.boot.test.autoconfigure.web.client.MockRestServiceServerResetTestExecutionListener, org.springframework.boot.test.autoconfigure.web.servlet.MockMvcPrintOnlyOnFailureTestExecutionListener, org.springframework.boot.test.autoconfigure.web.servlet.WebDriverTestExecutionListener, org.springframework.boot.test.autoconfigure.webservices.client.MockWebServiceServerTestExecutionListener, org.springframework.test.context.web.ServletTestExecutionListener, org.springframework.test.context.support.DirtiesContextBeforeModesTestExecutionListener, org.springframework.test.context.support.DependencyInjectionTestExecutionListener, org.springframework.test.context.support.DirtiesContextTestExecutionListener, org.springframework.test.context.transaction.TransactionalTestExecutionListener, org.springframework.test.context.jdbc.SqlScriptsTestExecutionListener, org.springframework.test.context.event.EventPublishingTestExecutionListener]
10:23:11.184 INFO  o.s.b.t.c.SpringBootTestContextBootstrapper - Using TestExecutionListeners: [org.springframework.test.context.web.ServletTestExecutionListener@71a9b4c7, org.springframework.test.context.support.DirtiesContextBeforeModesTestExecutionListener@4628b1d3, org.springframework.boot.test.mock.mockito.MockitoTestExecutionListener@77cf3f8b, org.springframework.boot.test.autoconfigure.SpringBootDependencyInjectionTestExecutionListener@1df98368, org.springframework.test.context.support.DirtiesContextTestExecutionListener@21ca139c, org.springframework.test.context.event.EventPublishingTestExecutionListener@226f885f, org.springframework.boot.test.mock.mockito.ResetMocksTestExecutionListener@2cd2c8fe, org.springframework.boot.test.autoconfigure.restdocs.RestDocsTestExecutionListener@7d61eccf, org.springframework.boot.test.autoconfigure.web.client.MockRestServiceServerResetTestExecutionListener@cc6460c, org.springframework.boot.test.autoconfigure.web.servlet.MockMvcPrintOnlyOnFailureTestExecutionListener@52350abb, org.springframework.boot.test.autoconfigure.web.servlet.WebDriverTestExecutionListener@681aad3b, org.springframework.boot.test.autoconfigure.webservices.client.MockWebServiceServerTestExecutionListener@1a6f2363]
10:23:12.269 INFO  b.c.p.v.ApplicationTests - Starting ApplicationTests using Java 11.0.9 on DESKTOP-7O46H65 with PID 11324 (started by Asus in C:\Users\Asus\Documents\Anderson\Workspaces\GitHub\passwordValidationApi\password-validation-api)
10:23:12.282 INFO  b.c.p.v.ApplicationTests - No active profile set, falling back to default profiles: default
10:23:17.311 INFO  o.s.s.c.ThreadPoolTaskExecutor - Initializing ExecutorService 'applicationTaskExecutor'
10:23:18.736 INFO  b.c.p.v.ApplicationTests - Started ApplicationTests in 7.425 seconds (JVM running for 12.071)
10:23:22.816 INFO  o.s.s.c.ThreadPoolTaskExecutor - Shutting down ExecutorService 'applicationTaskExecutor'
10:31:17.895 INFO  o.s.b.t.c.SpringBootTestContextBootstrapper - Neither @ContextConfiguration nor @ContextHierarchy found for test class [br.com.password.validation.ApplicationTests], using SpringBootContextLoader
10:31:17.914 INFO  o.s.t.c.s.AbstractContextLoader - Could not detect default resource locations for test class [br.com.password.validation.ApplicationTests]: no resource found for suffixes {-context.xml, Context.groovy}.
10:31:17.919 INFO  o.s.t.c.s.AnnotationConfigContextLoaderUtils - Could not detect default configuration classes for test class [br.com.password.validation.ApplicationTests]: ApplicationTests does not declare any static, non-private, non-final, nested classes annotated with @Configuration.
10:31:18.497 INFO  o.s.b.t.c.SpringBootTestContextBootstrapper - Found @SpringBootConfiguration br.com.password.validation.Application for test class br.com.password.validation.ApplicationTests
10:31:18.947 INFO  o.s.b.t.c.SpringBootTestContextBootstrapper - Loaded default TestExecutionListener class names from location [META-INF/spring.factories]: [org.springframework.boot.test.mock.mockito.MockitoTestExecutionListener, org.springframework.boot.test.mock.mockito.ResetMocksTestExecutionListener, org.springframework.boot.test.autoconfigure.restdocs.RestDocsTestExecutionListener, org.springframework.boot.test.autoconfigure.web.client.MockRestServiceServerResetTestExecutionListener, org.springframework.boot.test.autoconfigure.web.servlet.MockMvcPrintOnlyOnFailureTestExecutionListener, org.springframework.boot.test.autoconfigure.web.servlet.WebDriverTestExecutionListener, org.springframework.boot.test.autoconfigure.webservices.client.MockWebServiceServerTestExecutionListener, org.springframework.test.context.web.ServletTestExecutionListener, org.springframework.test.context.support.DirtiesContextBeforeModesTestExecutionListener, org.springframework.test.context.support.DependencyInjectionTestExecutionListener, org.springframework.test.context.support.DirtiesContextTestExecutionListener, org.springframework.test.context.transaction.TransactionalTestExecutionListener, org.springframework.test.context.jdbc.SqlScriptsTestExecutionListener, org.springframework.test.context.event.EventPublishingTestExecutionListener]
10:31:18.981 INFO  o.s.b.t.c.SpringBootTestContextBootstrapper - Using TestExecutionListeners: [org.springframework.test.context.web.ServletTestExecutionListener@71a9b4c7, org.springframework.test.context.support.DirtiesContextBeforeModesTestExecutionListener@4628b1d3, org.springframework.boot.test.mock.mockito.MockitoTestExecutionListener@77cf3f8b, org.springframework.boot.test.autoconfigure.SpringBootDependencyInjectionTestExecutionListener@1df98368, org.springframework.test.context.support.DirtiesContextTestExecutionListener@21ca139c, org.springframework.test.context.event.EventPublishingTestExecutionListener@226f885f, org.springframework.boot.test.mock.mockito.ResetMocksTestExecutionListener@2cd2c8fe, org.springframework.boot.test.autoconfigure.restdocs.RestDocsTestExecutionListener@7d61eccf, org.springframework.boot.test.autoconfigure.web.client.MockRestServiceServerResetTestExecutionListener@cc6460c, org.springframework.boot.test.autoconfigure.web.servlet.MockMvcPrintOnlyOnFailureTestExecutionListener@52350abb, org.springframework.boot.test.autoconfigure.web.servlet.WebDriverTestExecutionListener@681aad3b, org.springframework.boot.test.autoconfigure.webservices.client.MockWebServiceServerTestExecutionListener@1a6f2363]
10:31:20.187 INFO  b.c.p.v.ApplicationTests - Starting ApplicationTests using Java 11.0.9 on DESKTOP-7O46H65 with PID 8528 (started by Asus in C:\Users\Asus\Documents\Anderson\Workspaces\GitHub\passwordValidationApi\password-validation-api)
10:31:20.203 INFO  b.c.p.v.ApplicationTests - No active profile set, falling back to default profiles: default
10:31:25.405 INFO  o.s.s.c.ThreadPoolTaskExecutor - Initializing ExecutorService 'applicationTaskExecutor'
10:31:26.754 INFO  b.c.p.v.ApplicationTests - Started ApplicationTests in 7.615 seconds (JVM running for 12.402)
10:31:30.753 INFO  o.s.s.c.ThreadPoolTaskExecutor - Shutting down ExecutorService 'applicationTaskExecutor'
10:32:22.399 INFO  o.s.b.t.c.SpringBootTestContextBootstrapper - Neither @ContextConfiguration nor @ContextHierarchy found for test class [br.com.password.validation.ApplicationTests], using SpringBootContextLoader
10:32:22.432 INFO  o.s.t.c.s.AbstractContextLoader - Could not detect default resource locations for test class [br.com.password.validation.ApplicationTests]: no resource found for suffixes {-context.xml, Context.groovy}.
10:32:22.436 INFO  o.s.t.c.s.AnnotationConfigContextLoaderUtils - Could not detect default configuration classes for test class [br.com.password.validation.ApplicationTests]: ApplicationTests does not declare any static, non-private, non-final, nested classes annotated with @Configuration.
10:32:22.950 INFO  o.s.b.t.c.SpringBootTestContextBootstrapper - Found @SpringBootConfiguration br.com.password.validation.Application for test class br.com.password.validation.ApplicationTests
10:32:23.517 INFO  o.s.b.t.c.SpringBootTestContextBootstrapper - Loaded default TestExecutionListener class names from location [META-INF/spring.factories]: [org.springframework.boot.test.mock.mockito.MockitoTestExecutionListener, org.springframework.boot.test.mock.mockito.ResetMocksTestExecutionListener, org.springframework.boot.test.autoconfigure.restdocs.RestDocsTestExecutionListener, org.springframework.boot.test.autoconfigure.web.client.MockRestServiceServerResetTestExecutionListener, org.springframework.boot.test.autoconfigure.web.servlet.MockMvcPrintOnlyOnFailureTestExecutionListener, org.springframework.boot.test.autoconfigure.web.servlet.WebDriverTestExecutionListener, org.springframework.boot.test.autoconfigure.webservices.client.MockWebServiceServerTestExecutionListener, org.springframework.test.context.web.ServletTestExecutionListener, org.springframework.test.context.support.DirtiesContextBeforeModesTestExecutionListener, org.springframework.test.context.support.DependencyInjectionTestExecutionListener, org.springframework.test.context.support.DirtiesContextTestExecutionListener, org.springframework.test.context.transaction.TransactionalTestExecutionListener, org.springframework.test.context.jdbc.SqlScriptsTestExecutionListener, org.springframework.test.context.event.EventPublishingTestExecutionListener]
10:32:23.578 INFO  o.s.b.t.c.SpringBootTestContextBootstrapper - Using TestExecutionListeners: [org.springframework.test.context.web.ServletTestExecutionListener@2b9e69fb, org.springframework.test.context.support.DirtiesContextBeforeModesTestExecutionListener@19bfbe28, org.springframework.boot.test.mock.mockito.MockitoTestExecutionListener@2c579202, org.springframework.boot.test.autoconfigure.SpringBootDependencyInjectionTestExecutionListener@49ced9c7, org.springframework.test.context.support.DirtiesContextTestExecutionListener@11c7a0b4, org.springframework.test.context.event.EventPublishingTestExecutionListener@75ed125a, org.springframework.boot.test.mock.mockito.ResetMocksTestExecutionListener@653a5967, org.springframework.boot.test.autoconfigure.restdocs.RestDocsTestExecutionListener@5a85b4e6, org.springframework.boot.test.autoconfigure.web.client.MockRestServiceServerResetTestExecutionListener@766b6d02, org.springframework.boot.test.autoconfigure.web.servlet.MockMvcPrintOnlyOnFailureTestExecutionListener@6b09ce57, org.springframework.boot.test.autoconfigure.web.servlet.WebDriverTestExecutionListener@5c4f4330, org.springframework.boot.test.autoconfigure.webservices.client.MockWebServiceServerTestExecutionListener@2b9aeedb]
10:32:25.270 INFO  b.c.p.v.ApplicationTests - Starting ApplicationTests using Java 11.0.9 on DESKTOP-7O46H65 with PID 12840 (started by Asus in C:\Users\Asus\Documents\Anderson\Workspaces\GitHub\passwordValidationApi\password-validation-api)
10:32:25.295 INFO  b.c.p.v.ApplicationTests - No active profile set, falling back to default profiles: default
10:32:30.301 INFO  o.s.s.c.ThreadPoolTaskExecutor - Initializing ExecutorService 'applicationTaskExecutor'
10:32:32.020 INFO  b.c.p.v.ApplicationTests - Started ApplicationTests in 8.274 seconds (JVM running for 28.913)
10:32:35.525 INFO  o.s.s.c.ThreadPoolTaskExecutor - Shutting down ExecutorService 'applicationTaskExecutor'
10:55:05.508 INFO  b.c.p.v.c.PasswordController - 1 - Tem tamanho mínimo: true
10:55:05.519 INFO  b.c.p.v.c.PasswordController - 2 - Não tem espaço: true
10:55:05.521 INFO  b.c.p.v.c.PasswordController - 3 - Tem caracter especial: false
10:55:05.525 INFO  b.c.p.v.c.PasswordController - 1 - Tem tamanho mínimo: true
10:55:05.525 INFO  b.c.p.v.c.PasswordController - 2 - Não tem espaço: true
10:55:05.526 INFO  b.c.p.v.c.PasswordController - 3 - Tem caracter especial: false
10:55:05.560 INFO  b.c.p.v.c.PasswordController - 1 - Tem tamanho mínimo: true
10:55:05.561 INFO  b.c.p.v.c.PasswordController - 2 - Não tem espaço: true
10:55:05.564 INFO  b.c.p.v.c.PasswordController - 3 - Tem caracter especial: true
10:55:05.566 INFO  b.c.p.v.c.PasswordController - 4 - Tem número: true
10:55:05.568 INFO  b.c.p.v.c.PasswordController - 5 - Tem letra: true
10:55:05.570 INFO  b.c.p.v.c.PasswordController - 6 - Tem letra maiuscula: true
10:55:05.572 INFO  b.c.p.v.c.PasswordController - 7 - Tem letra minuscula: false
10:55:05.582 INFO  b.c.p.v.c.PasswordController - 1 - Tem tamanho mínimo: true
10:55:05.582 INFO  b.c.p.v.c.PasswordController - 2 - Não tem espaço: true
10:55:05.583 INFO  b.c.p.v.c.PasswordController - 3 - Tem caracter especial: true
10:55:05.584 INFO  b.c.p.v.c.PasswordController - 4 - Tem número: true
10:55:05.585 INFO  b.c.p.v.c.PasswordController - 5 - Tem letra: true
10:55:05.585 INFO  b.c.p.v.c.PasswordController - 6 - Tem letra maiuscula: true
10:55:05.586 INFO  b.c.p.v.c.PasswordController - 7 - Tem letra minuscula: true
10:55:05.587 INFO  b.c.p.v.c.PasswordController - 8 - Não tem caracter repetido: false
10:55:05.623 INFO  b.c.p.v.c.PasswordController - 1 - Tem tamanho mínimo: true
10:55:05.626 INFO  b.c.p.v.c.PasswordController - 2 - Não tem espaço: true
10:55:05.627 INFO  b.c.p.v.c.PasswordController - 3 - Tem caracter especial: true
10:55:05.632 INFO  b.c.p.v.c.PasswordController - 4 - Tem número: true
10:55:05.633 INFO  b.c.p.v.c.PasswordController - 5 - Tem letra: true
10:55:05.634 INFO  b.c.p.v.c.PasswordController - 6 - Tem letra maiuscula: true
10:55:05.635 INFO  b.c.p.v.c.PasswordController - 7 - Tem letra minuscula: true
10:55:05.636 INFO  b.c.p.v.c.PasswordController - 8 - Não tem caracter repetido: false
10:55:05.658 INFO  b.c.p.v.c.PasswordController - 1 - Tem tamanho mínimo: true
10:55:05.659 INFO  b.c.p.v.c.PasswordController - 2 - Não tem espaço: true
10:55:05.660 INFO  b.c.p.v.c.PasswordController - 3 - Tem caracter especial: true
10:55:05.661 INFO  b.c.p.v.c.PasswordController - 4 - Tem número: true
10:55:05.661 INFO  b.c.p.v.c.PasswordController - 5 - Tem letra: true
10:55:05.662 INFO  b.c.p.v.c.PasswordController - 6 - Tem letra maiuscula: true
10:55:05.663 INFO  b.c.p.v.c.PasswordController - 7 - Tem letra minuscula: true
10:55:05.663 INFO  b.c.p.v.c.PasswordController - 8 - Não tem caracter repetido: false
10:55:05.670 INFO  b.c.p.v.c.PasswordController - 1 - Tem tamanho mínimo: false
10:55:05.675 INFO  b.c.p.v.c.PasswordController - 1 - Tem tamanho mínimo: true
10:55:05.675 INFO  b.c.p.v.c.PasswordController - 2 - Não tem espaço: true
10:55:05.676 INFO  b.c.p.v.c.PasswordController - 3 - Tem caracter especial: true
10:55:05.676 INFO  b.c.p.v.c.PasswordController - 4 - Tem número: true
10:55:05.677 INFO  b.c.p.v.c.PasswordController - 5 - Tem letra: true
10:55:05.677 INFO  b.c.p.v.c.PasswordController - 6 - Tem letra maiuscula: true
10:55:05.677 INFO  b.c.p.v.c.PasswordController - 7 - Tem letra minuscula: true
10:55:05.678 INFO  b.c.p.v.c.PasswordController - 8 - Não tem caracter repetido: false
10:55:05.681 INFO  b.c.p.v.c.PasswordController - 1 - Tem tamanho mínimo: true
10:55:05.682 INFO  b.c.p.v.c.PasswordController - 2 - Não tem espaço: true
10:55:05.683 INFO  b.c.p.v.c.PasswordController - 3 - Tem caracter especial: true
10:55:05.683 INFO  b.c.p.v.c.PasswordController - 4 - Tem número: true
10:55:05.684 INFO  b.c.p.v.c.PasswordController - 5 - Tem letra: true
10:55:05.684 INFO  b.c.p.v.c.PasswordController - 6 - Tem letra maiuscula: true
10:55:05.685 INFO  b.c.p.v.c.PasswordController - 7 - Tem letra minuscula: true
10:55:05.685 INFO  b.c.p.v.c.PasswordController - 8 - Não tem caracter repetido: false
10:55:05.698 INFO  b.c.p.v.c.PasswordController - 1 - Tem tamanho mínimo: true
10:55:05.699 INFO  b.c.p.v.c.PasswordController - 2 - Não tem espaço: true
10:55:05.702 INFO  b.c.p.v.c.PasswordController - 3 - Tem caracter especial: true
10:55:05.702 INFO  b.c.p.v.c.PasswordController - 4 - Tem número: true
10:55:05.702 INFO  b.c.p.v.c.PasswordController - 5 - Tem letra: true
10:55:05.703 INFO  b.c.p.v.c.PasswordController - 6 - Tem letra maiuscula: true
10:55:05.703 INFO  b.c.p.v.c.PasswordController - 7 - Tem letra minuscula: true
10:55:05.703 INFO  b.c.p.v.c.PasswordController - 8 - Não tem caracter repetido: false
10:55:05.713 INFO  b.c.p.v.c.PasswordController - 1 - Tem tamanho mínimo: true
10:55:05.715 INFO  b.c.p.v.c.PasswordController - 2 - Não tem espaço: true
10:55:05.716 INFO  b.c.p.v.c.PasswordController - 3 - Tem caracter especial: true
10:55:05.717 INFO  b.c.p.v.c.PasswordController - 4 - Tem número: true
10:55:05.717 INFO  b.c.p.v.c.PasswordController - 5 - Tem letra: true
10:55:05.717 INFO  b.c.p.v.c.PasswordController - 6 - Tem letra maiuscula: false
10:55:05.720 INFO  b.c.p.v.c.PasswordController - 1 - Tem tamanho mínimo: true
10:55:05.741 INFO  b.c.p.v.c.PasswordController - 2 - Não tem espaço: true
10:55:05.742 INFO  b.c.p.v.c.PasswordController - 3 - Tem caracter especial: true
10:55:05.742 INFO  b.c.p.v.c.PasswordController - 4 - Tem número: true
10:55:05.742 INFO  b.c.p.v.c.PasswordController - 5 - Tem letra: true
10:55:05.742 INFO  b.c.p.v.c.PasswordController - 6 - Tem letra maiuscula: true
10:55:05.742 INFO  b.c.p.v.c.PasswordController - 7 - Tem letra minuscula: false
10:55:05.744 INFO  b.c.p.v.c.PasswordController - 1 - Tem tamanho mínimo: true
10:55:05.744 INFO  b.c.p.v.c.PasswordController - 2 - Não tem espaço: true
10:55:05.744 INFO  b.c.p.v.c.PasswordController - 3 - Tem caracter especial: true
10:55:05.744 INFO  b.c.p.v.c.PasswordController - 4 - Tem número: false
10:55:05.749 INFO  b.c.p.v.c.PasswordController - 1 - Tem tamanho mínimo: true
10:55:05.749 INFO  b.c.p.v.c.PasswordController - 2 - Não tem espaço: true
10:55:05.750 INFO  b.c.p.v.c.PasswordController - 3 - Tem caracter especial: true
10:55:05.750 INFO  b.c.p.v.c.PasswordController - 4 - Tem número: true
10:55:05.750 INFO  b.c.p.v.c.PasswordController - 5 - Tem letra: true
10:55:05.750 INFO  b.c.p.v.c.PasswordController - 6 - Tem letra maiuscula: true
10:55:05.750 INFO  b.c.p.v.c.PasswordController - 7 - Tem letra minuscula: true
10:55:05.751 INFO  b.c.p.v.c.PasswordController - 8 - Não tem caracter repetido: false
10:55:05.755 INFO  b.c.p.v.c.PasswordController - 1 - Tem tamanho mínimo: true
10:55:05.755 INFO  b.c.p.v.c.PasswordController - 2 - Não tem espaço: true
10:55:05.756 INFO  b.c.p.v.c.PasswordController - 3 - Tem caracter especial: true
10:55:05.757 INFO  b.c.p.v.c.PasswordController - 4 - Tem número: true
10:55:05.757 INFO  b.c.p.v.c.PasswordController - 5 - Tem letra: true
10:55:05.758 INFO  b.c.p.v.c.PasswordController - 6 - Tem letra maiuscula: true
10:55:05.759 INFO  b.c.p.v.c.PasswordController - 7 - Tem letra minuscula: true
10:55:05.759 INFO  b.c.p.v.c.PasswordController - 8 - Não tem caracter repetido: false
10:55:05.771 INFO  b.c.p.v.c.PasswordController - 1 - Tem tamanho mínimo: true
10:55:05.771 INFO  b.c.p.v.c.PasswordController - 2 - Não tem espaço: false
10:59:53.713 INFO  b.c.p.v.c.PasswordController - 1 - Tem tamanho mínimo: true
10:59:53.768 INFO  b.c.p.v.c.PasswordController - 2 - Não tem espaço: true
10:59:53.770 INFO  b.c.p.v.c.PasswordController - 3 - Tem caracter especial: true
10:59:53.773 INFO  b.c.p.v.c.PasswordController - 4 - Tem número: true
10:59:53.777 INFO  b.c.p.v.c.PasswordController - 5 - Tem letra: true
10:59:53.779 INFO  b.c.p.v.c.PasswordController - 6 - Tem letra maiuscula: true
10:59:53.784 INFO  b.c.p.v.c.PasswordController - 7 - Tem letra minuscula: true
10:59:53.788 INFO  b.c.p.v.c.PasswordController - 8 - Não tem caracter repetido: false
11:04:33.399 INFO  b.c.p.v.c.PasswordController - 1 - Tem tamanho mínimo: true
11:04:33.460 INFO  b.c.p.v.c.PasswordController - 2 - Não tem espaço: true
11:04:33.463 INFO  b.c.p.v.c.PasswordController - 3 - Tem caracter especial: true
11:04:33.466 INFO  b.c.p.v.c.PasswordController - 4 - Tem número: true
11:04:33.469 INFO  b.c.p.v.c.PasswordController - 5 - Tem letra: true
11:04:33.472 INFO  b.c.p.v.c.PasswordController - 6 - Tem letra maiuscula: true
11:04:33.474 INFO  b.c.p.v.c.PasswordController - 7 - Tem letra minuscula: true
11:04:33.478 INFO  b.c.p.v.c.PasswordController - 8 - Não tem caracter repetido: false
11:06:57.114 INFO  b.c.p.v.c.PasswordController - Senha recebida : #PauloScJq07
11:06:57.131 INFO  b.c.p.v.c.PasswordController - 1 - Tem tamanho mínimo: true
11:06:57.133 INFO  b.c.p.v.c.PasswordController - 2 - Não tem espaço: true
11:06:57.134 INFO  b.c.p.v.c.PasswordController - 3 - Tem caracter especial: true
11:06:57.135 INFO  b.c.p.v.c.PasswordController - 4 - Tem número: true
11:06:57.136 INFO  b.c.p.v.c.PasswordController - 5 - Tem letra: true
11:06:57.137 INFO  b.c.p.v.c.PasswordController - 6 - Tem letra maiuscula: true
11:06:57.138 INFO  b.c.p.v.c.PasswordController - 7 - Tem letra minuscula: true
11:06:57.139 INFO  b.c.p.v.c.PasswordController - 8 - Não tem caracter repetido: true
11:06:57.146 INFO  b.c.p.v.c.PasswordController - Senha recebida : !@@#dsaQWF34678
11:06:57.147 INFO  b.c.p.v.c.PasswordController - 1 - Tem tamanho mínimo: true
11:06:57.147 INFO  b.c.p.v.c.PasswordController - 2 - Não tem espaço: true
11:06:57.148 INFO  b.c.p.v.c.PasswordController - 3 - Tem caracter especial: true
11:06:57.148 INFO  b.c.p.v.c.PasswordController - 4 - Tem número: true
11:06:57.148 INFO  b.c.p.v.c.PasswordController - 5 - Tem letra: true
11:06:57.149 INFO  b.c.p.v.c.PasswordController - 6 - Tem letra maiuscula: true
11:06:57.150 INFO  b.c.p.v.c.PasswordController - 7 - Tem letra minuscula: true
11:06:57.151 INFO  b.c.p.v.c.PasswordController - 8 - Não tem caracter repetido: false
11:11:14.544 INFO  b.c.p.v.c.PasswordController - 1 - Tem tamanho mínimo: true
11:11:14.606 INFO  b.c.p.v.c.PasswordController - 2 - Não tem espaço: true
11:11:14.609 INFO  b.c.p.v.c.PasswordController - 3 - Tem caracter especial: true
11:11:14.612 INFO  b.c.p.v.c.PasswordController - 4 - Tem número: true
11:11:14.618 INFO  b.c.p.v.c.PasswordController - 5 - Tem letra: true
11:11:14.623 INFO  b.c.p.v.c.PasswordController - 6 - Tem letra maiuscula: true
11:11:14.628 INFO  b.c.p.v.c.PasswordController - 7 - Tem letra minuscula: true
11:11:14.632 INFO  b.c.p.v.c.PasswordController - 8 - Não tem caracter repetido: false
11:35:55.281 INFO  b.c.p.v.c.PasswordController - 1 - Tem tamanho mínimo: true
11:35:55.337 INFO  b.c.p.v.c.PasswordController - 2 - Não tem espaço: true
11:42:34.273 INFO  b.c.p.v.c.PasswordController - 1 - Tem tamanho mínimo: true
11:42:34.350 INFO  b.c.p.v.c.PasswordController - 2 - Não tem espaço: true
11:50:03.993 INFO  b.c.p.v.c.PasswordController - 1 - Tem tamanho mínimo: true
12:24:26.637 INFO  b.c.p.v.c.PasswordController - 1 - Tem tamanho mínimo: true
12:24:26.690 INFO  b.c.p.v.c.PasswordController - 2 - Não tem espaço: true
12:24:26.695 INFO  b.c.p.v.c.PasswordController - 3 - Tem caracter especial: true
12:24:26.699 INFO  b.c.p.v.c.PasswordController - 4 - Tem número: true
12:24:26.704 INFO  b.c.p.v.c.PasswordController - 5 - Tem letra: true
12:24:26.708 INFO  b.c.p.v.c.PasswordController - 6 - Tem letra maiuscula: true
12:24:26.713 INFO  b.c.p.v.c.PasswordController - 7 - Tem letra minuscula: true
12:24:26.717 INFO  b.c.p.v.c.PasswordController - 8 - Não tem caracter repetido: false
12:32:12.813 INFO  b.c.p.v.c.PasswordController - 1 - Tem tamanho mínimo: true
12:32:12.884 INFO  b.c.p.v.c.PasswordController - 2 - Não tem espaço: true
12:32:12.893 INFO  b.c.p.v.c.PasswordController - 3 - Tem caracter especial: true
12:33:53.365 INFO  b.c.p.v.c.PasswordController - 1 - Tem tamanho mínimo: true
12:35:47.721 INFO  b.c.p.v.c.PasswordController - 1 - Tem tamanho mínimo: true
12:35:47.786 INFO  b.c.p.v.c.PasswordController - 2 - Não tem espaço: true
12:35:47.789 INFO  b.c.p.v.c.PasswordController - 3 - Tem caracter especial: true
12:35:47.795 INFO  b.c.p.v.c.PasswordController - 4 - Tem número: true
12:35:47.801 INFO  b.c.p.v.c.PasswordController - 5 - Tem letra: true
12:35:47.806 INFO  b.c.p.v.c.PasswordController - 6 - Tem letra maiuscula: true
12:35:47.811 INFO  b.c.p.v.c.PasswordController - 7 - Tem letra minuscula: true
12:41:08.544 INFO  b.c.p.v.c.PasswordController - 1 - Tem tamanho mínimo: true
12:41:08.605 INFO  b.c.p.v.c.PasswordController - 2 - Não tem espaço: true
12:41:08.609 INFO  b.c.p.v.c.PasswordController - 3 - Tem caracter especial: true
12:41:08.614 INFO  b.c.p.v.c.PasswordController - 4 - Tem número: true
12:41:08.621 INFO  b.c.p.v.c.PasswordController - 5 - Tem letra: true
12:44:49.855 INFO  b.c.p.v.c.PasswordController - 1 - Tem tamanho mínimo: true
12:44:49.902 INFO  b.c.p.v.c.PasswordController - 2 - Não tem espaço: true
12:44:49.904 INFO  b.c.p.v.c.PasswordController - 3 - Tem caracter especial: true
12:44:49.907 INFO  b.c.p.v.c.PasswordController - 4 - Tem número: true
12:44:49.911 INFO  b.c.p.v.c.PasswordController - 5 - Tem letra: true
12:44:49.914 INFO  b.c.p.v.c.PasswordController - 6 - Tem letra maiuscula: true
12:44:49.917 INFO  b.c.p.v.c.PasswordController - 7 - Tem letra minuscula: true
12:44:49.923 INFO  b.c.p.v.c.PasswordController - 8 - Não tem caracter repetido: false
12:47:10.488 INFO  b.c.p.v.c.PasswordController - 1 - Tem tamanho mínimo: true
12:47:10.535 INFO  b.c.p.v.c.PasswordController - 2 - Não tem espaço: true
12:47:10.537 INFO  b.c.p.v.c.PasswordController - 3 - Tem caracter especial: true
12:47:10.540 INFO  b.c.p.v.c.PasswordController - 4 - Tem número: true
12:47:10.543 INFO  b.c.p.v.c.PasswordController - 5 - Tem letra: true
12:47:10.546 INFO  b.c.p.v.c.PasswordController - 6 - Tem letra maiuscula: true
12:47:10.549 INFO  b.c.p.v.c.PasswordController - 7 - Tem letra minuscula: true
12:47:10.552 INFO  b.c.p.v.c.PasswordController - 8 - Não tem caracter repetido: false
12:50:21.721 INFO  b.c.p.v.c.PasswordController - 1 - Tem tamanho mínimo: true
12:51:39.026 INFO  b.c.p.v.c.PasswordController - 2 - Não tem espaço: true
12:51:42.150 INFO  b.c.p.v.c.PasswordController - 3 - Tem caracter especial: true
12:51:44.138 INFO  b.c.p.v.c.PasswordController - 4 - Tem número: true
12:51:45.626 INFO  b.c.p.v.c.PasswordController - 5 - Tem letra: true
12:51:46.947 INFO  b.c.p.v.c.PasswordController - 6 - Tem letra maiuscula: true
12:51:48.252 INFO  b.c.p.v.c.PasswordController - 7 - Tem letra minuscula: true
12:51:49.359 INFO  b.c.p.v.c.PasswordController - 8 - Não tem caracter repetido: false
12:57:03.872 INFO  b.c.p.v.c.PasswordController - 1 - Tem tamanho mínimo: true
12:57:03.952 INFO  b.c.p.v.c.PasswordController - 2 - Não tem espaço: true
12:57:03.971 INFO  b.c.p.v.c.PasswordController - 3 - Tem caracter especial: false
12:57:03.981 INFO  b.c.p.v.c.PasswordController - 1 - Tem tamanho mínimo: true
12:57:03.983 INFO  b.c.p.v.c.PasswordController - 2 - Não tem espaço: true
12:57:03.989 INFO  b.c.p.v.c.PasswordController - 3 - Tem caracter especial: true
12:57:03.993 INFO  b.c.p.v.c.PasswordController - 4 - Tem número: true
12:57:03.995 INFO  b.c.p.v.c.PasswordController - 5 - Tem letra: true
12:57:04.001 INFO  b.c.p.v.c.PasswordController - 6 - Tem letra maiuscula: true
12:57:04.003 INFO  b.c.p.v.c.PasswordController - 7 - Tem letra minuscula: false
12:57:04.010 INFO  b.c.p.v.c.PasswordController - 1 - Tem tamanho mínimo: false
12:57:04.013 INFO  b.c.p.v.c.PasswordController - 1 - Tem tamanho mínimo: true
12:57:04.013 INFO  b.c.p.v.c.PasswordController - 2 - Não tem espaço: true
12:57:04.017 INFO  b.c.p.v.c.PasswordController - 3 - Tem caracter especial: true
12:57:04.018 INFO  b.c.p.v.c.PasswordController - 4 - Tem número: true
12:57:04.019 INFO  b.c.p.v.c.PasswordController - 5 - Tem letra: true
12:57:04.020 INFO  b.c.p.v.c.PasswordController - 6 - Tem letra maiuscula: true
12:57:04.021 INFO  b.c.p.v.c.PasswordController - 7 - Tem letra minuscula: true
12:57:04.023 INFO  b.c.p.v.c.PasswordController - 8 - Não tem caracter repetido: false
12:57:04.027 INFO  b.c.p.v.c.PasswordController - 1 - Tem tamanho mínimo: true
12:57:04.028 INFO  b.c.p.v.c.PasswordController - 2 - Não tem espaço: true
12:57:04.029 INFO  b.c.p.v.c.PasswordController - 3 - Tem caracter especial: true
12:57:04.029 INFO  b.c.p.v.c.PasswordController - 4 - Tem número: true
12:57:04.030 INFO  b.c.p.v.c.PasswordController - 5 - Tem letra: true
12:57:04.030 INFO  b.c.p.v.c.PasswordController - 6 - Tem letra maiuscula: false
12:57:04.032 INFO  b.c.p.v.c.PasswordController - 1 - Tem tamanho mínimo: true
12:57:04.033 INFO  b.c.p.v.c.PasswordController - 2 - Não tem espaço: true
12:57:04.047 INFO  b.c.p.v.c.PasswordController - 3 - Tem caracter especial: true
12:57:04.048 INFO  b.c.p.v.c.PasswordController - 4 - Tem número: true
12:57:04.056 INFO  b.c.p.v.c.PasswordController - 5 - Tem letra: true
12:57:04.059 INFO  b.c.p.v.c.PasswordController - 6 - Tem letra maiuscula: true
12:57:04.060 INFO  b.c.p.v.c.PasswordController - 7 - Tem letra minuscula: false
12:57:04.062 INFO  b.c.p.v.c.PasswordController - 1 - Tem tamanho mínimo: true
12:57:04.063 INFO  b.c.p.v.c.PasswordController - 2 - Não tem espaço: true
12:57:04.064 INFO  b.c.p.v.c.PasswordController - 3 - Tem caracter especial: true
12:57:04.065 INFO  b.c.p.v.c.PasswordController - 4 - Tem número: false
12:57:04.070 INFO  b.c.p.v.c.PasswordController - 1 - Tem tamanho mínimo: true
12:57:04.071 INFO  b.c.p.v.c.PasswordController - 2 - Não tem espaço: true
12:57:04.072 INFO  b.c.p.v.c.PasswordController - 3 - Tem caracter especial: true
12:57:04.072 INFO  b.c.p.v.c.PasswordController - 4 - Tem número: true
12:57:04.073 INFO  b.c.p.v.c.PasswordController - 5 - Tem letra: true
12:57:04.074 INFO  b.c.p.v.c.PasswordController - 6 - Tem letra maiuscula: true
12:57:04.074 INFO  b.c.p.v.c.PasswordController - 7 - Tem letra minuscula: true
12:57:04.074 INFO  b.c.p.v.c.PasswordController - 8 - Não tem caracter repetido: false
12:57:04.123 INFO  b.c.p.v.c.PasswordController - 1 - Tem tamanho mínimo: true
12:57:04.126 INFO  b.c.p.v.c.PasswordController - 2 - Não tem espaço: false
12:57:49.413 INFO  b.c.p.v.c.PasswordController - 1 - Tem tamanho mínimo: true
12:57:49.461 INFO  b.c.p.v.c.PasswordController - 2 - Não tem espaço: true
12:57:49.464 INFO  b.c.p.v.c.PasswordController - 3 - Tem caracter especial: true
12:57:49.470 INFO  b.c.p.v.c.PasswordController - 4 - Tem número: true
12:57:49.477 INFO  b.c.p.v.c.PasswordController - 5 - Tem letra: true
12:57:49.484 INFO  b.c.p.v.c.PasswordController - 6 - Tem letra maiuscula: true
12:57:49.487 INFO  b.c.p.v.c.PasswordController - 7 - Tem letra minuscula: true
12:57:49.491 INFO  b.c.p.v.c.PasswordController - 8 - Não tem caracter repetido: false
12:59:35.797 INFO  b.c.p.v.c.PasswordController - 1 - Tem tamanho mínimo: true
12:59:39.354 INFO  b.c.p.v.c.PasswordController - 2 - Não tem espaço: true
12:59:41.007 INFO  b.c.p.v.c.PasswordController - 3 - Tem caracter especial: true
12:59:42.393 INFO  b.c.p.v.c.PasswordController - 4 - Tem número: true
12:59:44.064 INFO  b.c.p.v.c.PasswordController - 5 - Tem letra: true
12:59:45.365 INFO  b.c.p.v.c.PasswordController - 6 - Tem letra maiuscula: true
12:59:47.481 INFO  b.c.p.v.c.PasswordController - 7 - Tem letra minuscula: true
12:59:49.337 INFO  b.c.p.v.c.PasswordController - 8 - Não tem caracter repetido: false
13:00:32.991 INFO  b.c.p.v.c.PasswordController - 1 - Tem tamanho mínimo: true
13:00:33.005 INFO  b.c.p.v.c.PasswordController - 2 - Não tem espaço: true
13:00:33.006 INFO  b.c.p.v.c.PasswordController - 3 - Tem caracter especial: true
13:00:33.007 INFO  b.c.p.v.c.PasswordController - 4 - Tem número: true
13:00:33.008 INFO  b.c.p.v.c.PasswordController - 5 - Tem letra: true
13:00:33.010 INFO  b.c.p.v.c.PasswordController - 6 - Tem letra maiuscula: true
13:00:33.011 INFO  b.c.p.v.c.PasswordController - 7 - Tem letra minuscula: true
13:00:33.012 INFO  b.c.p.v.c.PasswordController - 8 - Não tem caracter repetido: true
13:01:22.330 INFO  b.c.p.v.c.PasswordController - 1 - Tem tamanho mínimo: true
13:01:22.383 INFO  b.c.p.v.c.PasswordController - 2 - Não tem espaço: true
13:01:22.384 INFO  b.c.p.v.c.PasswordController - 3 - Tem caracter especial: false
13:01:22.406 INFO  b.c.p.v.c.PasswordController - 1 - Tem tamanho mínimo: true
13:01:22.407 INFO  b.c.p.v.c.PasswordController - 2 - Não tem espaço: true
13:01:22.407 INFO  b.c.p.v.c.PasswordController - 3 - Tem caracter especial: true
13:01:22.409 INFO  b.c.p.v.c.PasswordController - 4 - Tem número: true
13:01:22.410 INFO  b.c.p.v.c.PasswordController - 5 - Tem letra: true
13:01:22.411 INFO  b.c.p.v.c.PasswordController - 6 - Tem letra maiuscula: true
13:01:22.412 INFO  b.c.p.v.c.PasswordController - 7 - Tem letra minuscula: false
13:01:22.422 INFO  b.c.p.v.c.PasswordController - 1 - Tem tamanho mínimo: false
13:01:22.427 INFO  b.c.p.v.c.PasswordController - 1 - Tem tamanho mínimo: true
13:01:22.430 INFO  b.c.p.v.c.PasswordController - 2 - Não tem espaço: true
13:01:22.434 INFO  b.c.p.v.c.PasswordController - 3 - Tem caracter especial: true
13:01:22.436 INFO  b.c.p.v.c.PasswordController - 4 - Tem número: true
13:01:22.438 INFO  b.c.p.v.c.PasswordController - 5 - Tem letra: true
13:01:22.439 INFO  b.c.p.v.c.PasswordController - 6 - Tem letra maiuscula: true
13:01:22.440 INFO  b.c.p.v.c.PasswordController - 7 - Tem letra minuscula: true
13:01:22.443 INFO  b.c.p.v.c.PasswordController - 8 - Não tem caracter repetido: false
13:01:22.445 INFO  b.c.p.v.c.PasswordController - 1 - Tem tamanho mínimo: true
13:01:22.445 INFO  b.c.p.v.c.PasswordController - 2 - Não tem espaço: true
13:01:22.446 INFO  b.c.p.v.c.PasswordController - 3 - Tem caracter especial: true
13:01:22.446 INFO  b.c.p.v.c.PasswordController - 4 - Tem número: true
13:01:22.446 INFO  b.c.p.v.c.PasswordController - 5 - Tem letra: true
13:01:22.446 INFO  b.c.p.v.c.PasswordController - 6 - Tem letra maiuscula: false
13:01:22.448 INFO  b.c.p.v.c.PasswordController - 1 - Tem tamanho mínimo: true
13:01:22.449 INFO  b.c.p.v.c.PasswordController - 2 - Não tem espaço: true
13:01:22.449 INFO  b.c.p.v.c.PasswordController - 3 - Tem caracter especial: true
13:01:22.450 INFO  b.c.p.v.c.PasswordController - 4 - Tem número: true
13:01:22.450 INFO  b.c.p.v.c.PasswordController - 5 - Tem letra: true
13:01:22.450 INFO  b.c.p.v.c.PasswordController - 6 - Tem letra maiuscula: true
13:01:22.451 INFO  b.c.p.v.c.PasswordController - 7 - Tem letra minuscula: false
13:01:22.455 INFO  b.c.p.v.c.PasswordController - 1 - Tem tamanho mínimo: true
13:01:22.457 INFO  b.c.p.v.c.PasswordController - 2 - Não tem espaço: true
13:01:22.466 INFO  b.c.p.v.c.PasswordController - 3 - Tem caracter especial: true
13:01:22.467 INFO  b.c.p.v.c.PasswordController - 4 - Tem número: false
13:01:22.473 INFO  b.c.p.v.c.PasswordController - 1 - Tem tamanho mínimo: true
13:01:22.474 INFO  b.c.p.v.c.PasswordController - 2 - Não tem espaço: true
13:01:22.475 INFO  b.c.p.v.c.PasswordController - 3 - Tem caracter especial: true
13:01:22.476 INFO  b.c.p.v.c.PasswordController - 4 - Tem número: true
13:01:22.476 INFO  b.c.p.v.c.PasswordController - 5 - Tem letra: true
13:01:22.477 INFO  b.c.p.v.c.PasswordController - 6 - Tem letra maiuscula: true
13:01:22.477 INFO  b.c.p.v.c.PasswordController - 7 - Tem letra minuscula: true
13:01:22.477 INFO  b.c.p.v.c.PasswordController - 8 - Não tem caracter repetido: true
13:01:22.481 INFO  b.c.p.v.c.PasswordController - 1 - Tem tamanho mínimo: true
13:01:22.481 INFO  b.c.p.v.c.PasswordController - 2 - Não tem espaço: false
13:06:30.434 INFO  b.c.p.v.c.PasswordController - Senha recebida : AbTp9!fok
13:06:30.464 INFO  b.c.p.v.c.PasswordController - 1 - Tem tamanho mínimo: true
13:06:30.466 INFO  b.c.p.v.c.PasswordController - 2 - Não tem espaço: true
13:06:30.468 INFO  b.c.p.v.c.PasswordController - 3 - Tem caracter especial: true
13:06:30.469 INFO  b.c.p.v.c.PasswordController - 4 - Tem número: true
13:06:30.470 INFO  b.c.p.v.c.PasswordController - 5 - Tem letra: true
13:06:30.472 INFO  b.c.p.v.c.PasswordController - 6 - Tem letra maiuscula: true
13:06:30.473 INFO  b.c.p.v.c.PasswordController - 7 - Tem letra minuscula: true
13:06:30.474 INFO  b.c.p.v.c.PasswordController - 8 - Não tem caracter repetido: true
13:06:30.481 INFO  b.c.p.v.c.PasswordController - Senha recebida : !@@#dsaQWF34678
13:06:30.481 INFO  b.c.p.v.c.PasswordController - 1 - Tem tamanho mínimo: true
13:06:30.483 INFO  b.c.p.v.c.PasswordController - 2 - Não tem espaço: true
13:06:30.483 INFO  b.c.p.v.c.PasswordController - 3 - Tem caracter especial: true
13:06:30.484 INFO  b.c.p.v.c.PasswordController - 4 - Tem número: true
13:06:30.484 INFO  b.c.p.v.c.PasswordController - 5 - Tem letra: true
13:06:30.485 INFO  b.c.p.v.c.PasswordController - 6 - Tem letra maiuscula: true
13:06:30.487 INFO  b.c.p.v.c.PasswordController - 7 - Tem letra minuscula: true
13:06:30.487 INFO  b.c.p.v.c.PasswordController - 8 - Não tem caracter repetido: false
13:07:06.090 INFO  b.c.p.v.c.PasswordController - 1 - Tem tamanho mínimo: true
13:07:06.111 INFO  b.c.p.v.c.PasswordController - 2 - Não tem espaço: true
13:07:06.113 INFO  b.c.p.v.c.PasswordController - 3 - Tem caracter especial: false
13:07:06.118 INFO  b.c.p.v.c.PasswordController - 1 - Tem tamanho mínimo: true
13:07:06.119 INFO  b.c.p.v.c.PasswordController - 2 - Não tem espaço: true
13:07:06.119 INFO  b.c.p.v.c.PasswordController - 3 - Tem caracter especial: true
13:07:06.120 INFO  b.c.p.v.c.PasswordController - 4 - Tem número: true
13:07:06.121 INFO  b.c.p.v.c.PasswordController - 5 - Tem letra: true
13:07:06.122 INFO  b.c.p.v.c.PasswordController - 6 - Tem letra maiuscula: true
13:07:06.124 INFO  b.c.p.v.c.PasswordController - 7 - Tem letra minuscula: false
13:07:06.129 INFO  b.c.p.v.c.PasswordController - 1 - Tem tamanho mínimo: false
13:07:06.133 INFO  b.c.p.v.c.PasswordController - 1 - Tem tamanho mínimo: true
13:07:06.133 INFO  b.c.p.v.c.PasswordController - 2 - Não tem espaço: true
13:07:06.133 INFO  b.c.p.v.c.PasswordController - 3 - Tem caracter especial: true
13:07:06.133 INFO  b.c.p.v.c.PasswordController - 4 - Tem número: true
13:07:06.134 INFO  b.c.p.v.c.PasswordController - 5 - Tem letra: true
13:07:06.134 INFO  b.c.p.v.c.PasswordController - 6 - Tem letra maiuscula: true
13:07:06.134 INFO  b.c.p.v.c.PasswordController - 7 - Tem letra minuscula: true
13:07:06.135 INFO  b.c.p.v.c.PasswordController - 8 - Não tem caracter repetido: false
13:07:06.137 INFO  b.c.p.v.c.PasswordController - 1 - Tem tamanho mínimo: true
13:07:06.138 INFO  b.c.p.v.c.PasswordController - 2 - Não tem espaço: true
13:07:06.138 INFO  b.c.p.v.c.PasswordController - 3 - Tem caracter especial: true
13:07:06.139 INFO  b.c.p.v.c.PasswordController - 4 - Tem número: true
13:07:06.139 INFO  b.c.p.v.c.PasswordController - 5 - Tem letra: true
13:07:06.139 INFO  b.c.p.v.c.PasswordController - 6 - Tem letra maiuscula: false
13:07:06.142 INFO  b.c.p.v.c.PasswordController - 1 - Tem tamanho mínimo: true
13:07:06.142 INFO  b.c.p.v.c.PasswordController - 2 - Não tem espaço: true
13:07:06.143 INFO  b.c.p.v.c.PasswordController - 3 - Tem caracter especial: true
13:07:06.143 INFO  b.c.p.v.c.PasswordController - 4 - Tem número: true
13:07:06.143 INFO  b.c.p.v.c.PasswordController - 5 - Tem letra: true
13:07:06.144 INFO  b.c.p.v.c.PasswordController - 6 - Tem letra maiuscula: true
13:07:06.145 INFO  b.c.p.v.c.PasswordController - 7 - Tem letra minuscula: false
13:07:06.148 INFO  b.c.p.v.c.PasswordController - 1 - Tem tamanho mínimo: true
13:07:06.149 INFO  b.c.p.v.c.PasswordController - 2 - Não tem espaço: true
13:07:06.149 INFO  b.c.p.v.c.PasswordController - 3 - Tem caracter especial: true
13:07:06.149 INFO  b.c.p.v.c.PasswordController - 4 - Tem número: false
13:07:06.154 INFO  b.c.p.v.c.PasswordController - 1 - Tem tamanho mínimo: true
13:07:06.156 INFO  b.c.p.v.c.PasswordController - 2 - Não tem espaço: true
13:07:06.156 INFO  b.c.p.v.c.PasswordController - 3 - Tem caracter especial: true
13:07:06.157 INFO  b.c.p.v.c.PasswordController - 4 - Tem número: true
13:07:06.158 INFO  b.c.p.v.c.PasswordController - 5 - Tem letra: true
13:07:06.159 INFO  b.c.p.v.c.PasswordController - 6 - Tem letra maiuscula: true
13:07:06.159 INFO  b.c.p.v.c.PasswordController - 7 - Tem letra minuscula: true
13:07:06.160 INFO  b.c.p.v.c.PasswordController - 8 - Não tem caracter repetido: true
13:07:06.166 INFO  b.c.p.v.c.PasswordController - 1 - Tem tamanho mínimo: true
13:07:06.167 INFO  b.c.p.v.c.PasswordController - 2 - Não tem espaço: false
13:07:49.854 INFO  b.c.p.v.Application - Starting Application using Java 11.0.9 on DESKTOP-7O46H65 with PID 3176 (C:\Users\Asus\Documents\Anderson\Workspaces\GitHub\passwordValidationApi\password-validation-api\target\classes started by Asus in C:\Users\Asus\Documents\Anderson\Workspaces\GitHub\passwordValidationApi\password-validation-api)
13:07:49.866 INFO  b.c.p.v.Application - No active profile set, falling back to default profiles: default
13:07:54.571 INFO  o.s.b.w.e.t.TomcatWebServer - Tomcat initialized with port(s): 80 (http)
13:07:54.605 INFO  o.a.c.h.Http11NioProtocol - Initializing ProtocolHandler ["http-nio-80"]
13:07:54.607 INFO  o.a.c.c.StandardService - Starting service [Tomcat]
13:07:54.607 INFO  o.a.c.c.StandardEngine - Starting Servlet engine: [Apache Tomcat/9.0.41]
13:07:54.870 INFO  o.a.c.c.C.[.[.[/api/password/v1/validation] - Initializing Spring embedded WebApplicationContext
13:07:54.871 INFO  o.s.b.w.s.c.ServletWebServerApplicationContext - Root WebApplicationContext: initialization completed in 4700 ms
13:07:55.552 INFO  o.s.s.c.ThreadPoolTaskExecutor - Initializing ExecutorService 'applicationTaskExecutor'
13:07:56.078 INFO  o.a.c.h.Http11NioProtocol - Starting ProtocolHandler ["http-nio-80"]
13:07:56.146 INFO  o.s.b.w.e.t.TomcatWebServer - Tomcat started on port(s): 80 (http) with context path '/api/password/v1/validation'
13:07:56.183 INFO  b.c.p.v.Application - Started Application in 8.394 seconds (JVM running for 11.9)
13:08:35.695 INFO  o.a.c.c.C.[.[.[/api/password/v1/validation] - Initializing Spring DispatcherServlet 'dispatcherServlet'
13:08:35.696 INFO  o.s.w.s.DispatcherServlet - Initializing Servlet 'dispatcherServlet'
13:08:35.700 INFO  o.s.w.s.DispatcherServlet - Completed initialization in 4 ms
13:08:35.909 INFO  b.c.p.v.c.PasswordController - Senha recebida : A
13:08:35.925 INFO  b.c.p.v.c.PasswordController - 1 - Tem tamanho mínimo: false
13:08:53.709 INFO  b.c.p.v.c.PasswordController - Senha recebida : AbTp9!fok
13:08:53.710 INFO  b.c.p.v.c.PasswordController - 1 - Tem tamanho mínimo: true
13:08:53.712 INFO  b.c.p.v.c.PasswordController - 2 - Não tem espaço: true
13:08:53.713 INFO  b.c.p.v.c.PasswordController - 3 - Tem caracter especial: true
13:08:53.713 INFO  b.c.p.v.c.PasswordController - 4 - Tem número: true
13:08:53.714 INFO  b.c.p.v.c.PasswordController - 5 - Tem letra: true
13:08:53.715 INFO  b.c.p.v.c.PasswordController - 6 - Tem letra maiuscula: true
13:08:53.716 INFO  b.c.p.v.c.PasswordController - 7 - Tem letra minuscula: true
13:08:53.717 INFO  b.c.p.v.c.PasswordController - 8 - Não tem caracter repetido: true
